#
# There is insufficient memory for the Java Runtime Environment to continue.
# Native memory allocation (malloc) failed to allocate 272464 bytes for Chunk::new
# Possible reasons:
#   The system is out of physical RAM or swap space
#   The process is running with CompressedOops enabled, and the Java Heap may be blocking the growth of the native heap
# Possible solutions:
#   Reduce memory load on the system
#   Increase physical memory or swap space
#   Check if swap backing store is full
#   Decrease Java heap size (-Xmx/-Xms)
#   Decrease number of Java threads
#   Decrease Java thread stack sizes (-Xss)
#   Set larger code cache with -XX:ReservedCodeCacheSize=
#   JVM is running with Unscaled Compressed Oops mode in which the Java heap is
#     placed in the first 4GB address space. The Java Heap base address is the
#     maximum limit for the native heap growth. Please use -XX:HeapBaseMinAddress
#     to set the Java Heap base and to place the Java Heap above 4GB virtual address.
# This output file may be truncated or incomplete.
#
#  Out of Memory Error (arena.cpp:184), pid=35208, tid=33476
#
# JRE version: Java(TM) SE Runtime Environment (20.0.2+9) (build 20.0.2+9-78)
# Java VM: Java HotSpot(TM) 64-Bit Server VM (20.0.2+9-78, mixed mode, sharing, tiered, compressed oops, compressed class ptrs, g1 gc, windows-amd64)
# No core dump will be written. Minidumps are not enabled by default on client versions of Windows
#

---------------  S U M M A R Y ------------

Command Line: -ea -Dfile.encoding=UTF-8 -XX:+ShowCodeDetailsInExceptionMessages org.testng.remote.RemoteTestNG -serport 64371 -protocol json -d C:\Users\mdesh\git\LocalNinjaalgoproject\ninjaalgoproject\test-output C:\Users\mdesh\git\LocalNinjaalgoproject\ninjaalgoproject\TestModules.xml

Host: Intel(R) Core(TM) i5-10210U CPU @ 1.60GHz, 8 cores, 7G,  Windows 11 , 64 bit Build 22000 (10.0.22000.2538)
Time: Sat Nov 25 16:11:03 2023 Eastern Standard Time elapsed time: 5.022149 seconds (0d 0h 0m 5s)

---------------  T H R E A D  ---------------

Current thread (0x000001daff1c17e0):  JavaThread "C2 CompilerThread0" daemon [_thread_in_native, id=33476, stack(0x000000c1ac600000,0x000000c1ac700000)]


Current CompileTask:
C2:   5022 3480       4       java.util.HashMap::resize (356 bytes)

Stack: [0x000000c1ac600000,0x000000c1ac700000]
Native frames: (J=compiled Java code, j=interpreted, Vv=VM code, C=native code)
V  [jvm.dll+0x6bc25a]
V  [jvm.dll+0x84971a]
V  [jvm.dll+0x84b315]
V  [jvm.dll+0x84ba13]
V  [jvm.dll+0x280e4f]
V  [jvm.dll+0xc2ab1]
V  [jvm.dll+0xc2dd5]
V  [jvm.dll+0x3bb64c]
V  [jvm.dll+0x385b75]
V  [jvm.dll+0x384fea]
V  [jvm.dll+0x24b529]
V  [jvm.dll+0x24a921]
V  [jvm.dll+0x1ce761]
V  [jvm.dll+0x25a0eb]
V  [jvm.dll+0x2587c0]
V  [jvm.dll+0x3f2dd5]
V  [jvm.dll+0x7f5c76]
V  [jvm.dll+0x6baecb]
C  [ucrtbase.dll+0x26c0c]
C  [KERNEL32.DLL+0x153e0]
C  [ntdll.dll+0x485b]


---------------  P R O C E S S  ---------------

Threads class SMR info:
_java_thread_list=0x000001dae0585b30, length=22, elements={
0x000001dafbec2870, 0x000001daff1ad320, 0x000001daff1b07d0, 0x000001daff1b4c10,
0x000001daff1b6560, 0x000001daff1b7770, 0x000001daff1bbcf0, 0x000001daff1c17e0,
0x000001daff1c42a0, 0x000001dade527f00, 0x000001dade529ee0, 0x000001dade529440,
0x000001dade527460, 0x000001dade529990, 0x000001dade52a430, 0x000001dae09a2550,
0x000001dae09a2000, 0x000001dae09a1ab0, 0x000001dae099d050, 0x000001dae099fad0,
0x000001dae09a3a90, 0x000001dae099daf0
}

Java Threads: ( => current thread )
  0x000001dafbec2870 JavaThread "main" [_thread_in_native, id=69476, stack(0x000000c1ab900000,0x000000c1aba00000)]
  0x000001daff1ad320 JavaThread "Reference Handler" daemon [_thread_blocked, id=52104, stack(0x000000c1ac000000,0x000000c1ac100000)]
  0x000001daff1b07d0 JavaThread "Finalizer" daemon [_thread_blocked, id=3436, stack(0x000000c1ac100000,0x000000c1ac200000)]
  0x000001daff1b4c10 JavaThread "Signal Dispatcher" daemon [_thread_blocked, id=68900, stack(0x000000c1ac200000,0x000000c1ac300000)]
  0x000001daff1b6560 JavaThread "Attach Listener" daemon [_thread_blocked, id=36384, stack(0x000000c1ac300000,0x000000c1ac400000)]
  0x000001daff1b7770 JavaThread "Service Thread" daemon [_thread_blocked, id=64820, stack(0x000000c1ac400000,0x000000c1ac500000)]
  0x000001daff1bbcf0 JavaThread "Monitor Deflation Thread" daemon [_thread_blocked, id=69300, stack(0x000000c1ac500000,0x000000c1ac600000)]
=>0x000001daff1c17e0 JavaThread "C2 CompilerThread0" daemon [_thread_in_native, id=33476, stack(0x000000c1ac600000,0x000000c1ac700000)]
  0x000001daff1c42a0 JavaThread "C1 CompilerThread0" daemon [_thread_in_native, id=14296, stack(0x000000c1ac700000,0x000000c1ac800000)]
  0x000001dade527f00 JavaThread "Notification Thread" daemon [_thread_blocked, id=52336, stack(0x000000c1ac800000,0x000000c1ac900000)]
  0x000001dade529ee0 JavaThread "Common-Cleaner" daemon [_thread_blocked, id=43396, stack(0x000000c1aca00000,0x000000c1acb00000)]
  0x000001dade529440 JavaThread "ReaderThread" [_thread_in_native, id=8868, stack(0x000000c1acc00000,0x000000c1acd00000)]
  0x000001dade527460 JavaThread "Keep-Alive-Timer" daemon [_thread_blocked, id=68832, stack(0x000000c1ad400000,0x000000c1ad500000)]
  0x000001dade529990 JavaThread "ForkJoinPool.commonPool-worker-1" daemon [_thread_blocked, id=39464, stack(0x000000c1ad700000,0x000000c1ad800000)]
  0x000001dade52a430 JavaThread "HttpClient-1-SelectorManager" daemon [_thread_in_native, id=60512, stack(0x000000c1ad800000,0x000000c1ad900000)]
  0x000001dae09a2550 JavaThread "Thread-2" [_thread_in_native, id=34544, stack(0x000000c1ad900000,0x000000c1ada00000)]
  0x000001dae09a2000 JavaThread "Driver Service Executor" daemon [_thread_blocked, id=45548, stack(0x000000c1ada00000,0x000000c1adb00000)]
  0x000001dae09a1ab0 JavaThread "Driver Service Executor" daemon [_thread_in_native, id=69164, stack(0x000000c1adb00000,0x000000c1adc00000)]
  0x000001dae099d050 JavaThread "UrlChecker-2" daemon [_thread_blocked, id=69176, stack(0x000000c1adc00000,0x000000c1add00000)]
  0x000001dae099fad0 JavaThread "pool-1-thread-1" [_thread_blocked, id=69224, stack(0x000000c1add00000,0x000000c1ade00000)]
  0x000001dae09a3a90 JavaThread "pool-1-thread-2" [_thread_blocked, id=69324, stack(0x000000c1ade00000,0x000000c1adf00000)]
  0x000001dae099daf0 JavaThread "pool-1-thread-3" [_thread_blocked, id=54944, stack(0x000000c1adf00000,0x000000c1ae000000)]

Other Threads:
  0x000001daff18ee50 VMThread "VM Thread" [stack: 0x000000c1abf00000,0x000000c1ac000000] [id=66016]
  0x000001dade52d700 WatcherThread "VM Periodic Task Thread" [stack: 0x000000c1ac900000,0x000000c1aca00000] [id=18152]
  0x000001dafbf22aa0 WorkerThread "GC Thread#0" [stack: 0x000000c1aba00000,0x000000c1abb00000] [id=32732]
  0x000001dadf48e130 WorkerThread "GC Thread#1" [stack: 0x000000c1acd00000,0x000000c1ace00000] [id=68812]
  0x000001dadf48e400 WorkerThread "GC Thread#2" [stack: 0x000000c1ace00000,0x000000c1acf00000] [id=68660]
  0x000001dadf48e6d0 WorkerThread "GC Thread#3" [stack: 0x000000c1acf00000,0x000000c1ad000000] [id=68780]
  0x000001dadf61f0e0 WorkerThread "GC Thread#4" [stack: 0x000000c1ad000000,0x000000c1ad100000] [id=56972]
  0x000001daded75d10 WorkerThread "GC Thread#5" [stack: 0x000000c1ad100000,0x000000c1ad200000] [id=68820]
  0x000001dadf76d770 WorkerThread "GC Thread#6" [stack: 0x000000c1ad200000,0x000000c1ad300000] [id=24536]
  0x000001dadf76e2b0 WorkerThread "GC Thread#7" [stack: 0x000000c1ad300000,0x000000c1ad400000] [id=68860]
  0x000001dafbf344e0 ConcurrentGCThread "G1 Main Marker" [stack: 0x000000c1abb00000,0x000000c1abc00000] [id=50892]
  0x000001dafbf356b0 WorkerThread "G1 Conc#0" [stack: 0x000000c1abc00000,0x000000c1abd00000] [id=68824]
  0x000001dadf76d4a0 WorkerThread "G1 Conc#1" [stack: 0x000000c1ad500000,0x000000c1ad600000] [id=68792]
  0x000001daff04dd10 ConcurrentGCThread "G1 Refine#0" [stack: 0x000000c1abd00000,0x000000c1abe00000] [id=47596]
  0x000001daff04e5c0 ConcurrentGCThread "G1 Service" [stack: 0x000000c1abe00000,0x000000c1abf00000] [id=58108]

Threads with active compile tasks:
C2 CompilerThread0     5051 3480       4       java.util.HashMap::resize (356 bytes)
C1 CompilerThread0     5051 3515   !   3       java.util.concurrent.ConcurrentHashMap::putVal (432 bytes)

VM state: not at safepoint (normal execution)

VM Mutex/Monitor currently owned by a thread: None

Heap address: 0x0000000083400000, size: 1996 MB, Compressed Oops mode: 32-bit

CDS archive(s) mapped at: [0x000001da99400000-0x000001da9a060000-0x000001da9a060000), size 12976128, SharedBaseAddress: 0x000001da99400000, ArchiveRelocationMode: 1.
Compressed class space mapped at: 0x000001da9a400000-0x000001dada400000, reserved size: 1073741824
Narrow klass base: 0x000001da99400000, Narrow klass shift: 0, Narrow klass range: 0x100000000

GC Precious Log:
 CardTable entry size: 512
 Card Set container configuration: InlinePtr #cards 5 size 8 Array Of Cards #cards 12 size 40 Howl #buckets 4 coarsen threshold 1843 Howl Bitmap #cards 512 size 80 coarsen threshold 460 Card regions per heap region 1 cards per card region 2048
 CPUs: 8 total, 8 available
 Memory: 7979M
 Large Page Support: Disabled
 NUMA Support: Disabled
 Compressed Oops: Enabled (32-bit)
 Heap Region Size: 1M
 Heap Min Capacity: 8M
 Heap Initial Capacity: 126M
 Heap Max Capacity: 1996M
 Pre-touch: Disabled
 Parallel Workers: 8
 Concurrent Workers: 2
 Concurrent Refinement Workers: 8
 Periodic GC: Disabled

Heap:
 garbage-first heap   total 51200K, used 19073K [0x0000000083400000, 0x0000000100000000)
  region size 1024K, 6 young (6144K), 3 survivors (3072K)
 Metaspace       used 34130K, committed 34496K, reserved 1114112K
  class space    used 4129K, committed 4288K, reserved 1048576K

Heap Regions: E=young(eden), S=young(survivor), O=old, HS=humongous(starts), HC=humongous(continues), CS=collection set, F=free, OA=open archive, CA=closed archive, TAMS=top-at-mark-start, PB=parsable bottom
|   0|0x0000000083400000, 0x0000000083500000, 0x0000000083500000|100%| O|  |TAMS 0x0000000083400000| PB 0x0000000083400000| Untracked 
|   1|0x0000000083500000, 0x0000000083600000, 0x0000000083600000|100%| O|  |TAMS 0x0000000083500000| PB 0x0000000083500000| Untracked 
|   2|0x0000000083600000, 0x0000000083700000, 0x0000000083700000|100%| O|  |TAMS 0x0000000083600000| PB 0x0000000083600000| Untracked 
|   3|0x0000000083700000, 0x0000000083800000, 0x0000000083800000|100%| O|  |TAMS 0x0000000083700000| PB 0x0000000083700000| Untracked 
|   4|0x0000000083800000, 0x0000000083900000, 0x0000000083900000|100%| O|  |TAMS 0x0000000083800000| PB 0x0000000083800000| Untracked 
|   5|0x0000000083900000, 0x0000000083a00000, 0x0000000083a00000|100%| O|  |TAMS 0x0000000083900000| PB 0x0000000083900000| Untracked 
|   6|0x0000000083a00000, 0x0000000083b00000, 0x0000000083b00000|100%| O|  |TAMS 0x0000000083a00000| PB 0x0000000083a00000| Untracked 
|   7|0x0000000083b00000, 0x0000000083c00000, 0x0000000083c00000|100%| O|  |TAMS 0x0000000083b00000| PB 0x0000000083b00000| Untracked 
|   8|0x0000000083c00000, 0x0000000083d00000, 0x0000000083d00000|100%| O|  |TAMS 0x0000000083c00000| PB 0x0000000083c00000| Untracked 
|   9|0x0000000083d00000, 0x0000000083d00000, 0x0000000083e00000|  0%| F|  |TAMS 0x0000000083d00000| PB 0x0000000083d00000| Untracked 
|  10|0x0000000083e00000, 0x0000000083f00000, 0x0000000083f00000|100%| O|  |TAMS 0x0000000083e00000| PB 0x0000000083e00000| Untracked 
|  11|0x0000000083f00000, 0x0000000084000000, 0x0000000084000000|100%| O|  |TAMS 0x0000000083f00000| PB 0x0000000083f00000| Untracked 
|  12|0x0000000084000000, 0x0000000084100000, 0x0000000084100000|100%| O|  |TAMS 0x0000000084000000| PB 0x0000000084000000| Untracked 
|  13|0x0000000084100000, 0x0000000084200000, 0x0000000084200000|100%| O|  |TAMS 0x0000000084100000| PB 0x0000000084100000| Untracked 
|  14|0x0000000084200000, 0x0000000084300000, 0x0000000084300000|100%| O|  |TAMS 0x0000000084200000| PB 0x0000000084200000| Untracked 
|  15|0x0000000084300000, 0x0000000084340400, 0x0000000084400000| 25%| O|  |TAMS 0x0000000084300000| PB 0x0000000084300000| Untracked 
|  16|0x0000000084400000, 0x0000000084400000, 0x0000000084500000|  0%| F|  |TAMS 0x0000000084400000| PB 0x0000000084400000| Untracked 
|  17|0x0000000084500000, 0x0000000084500000, 0x0000000084600000|  0%| F|  |TAMS 0x0000000084500000| PB 0x0000000084500000| Untracked 
|  18|0x0000000084600000, 0x0000000084600000, 0x0000000084700000|  0%| F|  |TAMS 0x0000000084600000| PB 0x0000000084600000| Untracked 
|  19|0x0000000084700000, 0x0000000084700000, 0x0000000084800000|  0%| F|  |TAMS 0x0000000084700000| PB 0x0000000084700000| Untracked 
|  20|0x0000000084800000, 0x0000000084800000, 0x0000000084900000|  0%| F|  |TAMS 0x0000000084800000| PB 0x0000000084800000| Untracked 
|  21|0x0000000084900000, 0x0000000084900000, 0x0000000084a00000|  0%| F|  |TAMS 0x0000000084900000| PB 0x0000000084900000| Untracked 
|  22|0x0000000084a00000, 0x0000000084a00000, 0x0000000084b00000|  0%| F|  |TAMS 0x0000000084a00000| PB 0x0000000084a00000| Untracked 
|  23|0x0000000084b00000, 0x0000000084b00000, 0x0000000084c00000|  0%| F|  |TAMS 0x0000000084b00000| PB 0x0000000084b00000| Untracked 
|  24|0x0000000084c00000, 0x0000000084c00000, 0x0000000084d00000|  0%| F|  |TAMS 0x0000000084c00000| PB 0x0000000084c00000| Untracked 
|  25|0x0000000084d00000, 0x0000000084d00000, 0x0000000084e00000|  0%| F|  |TAMS 0x0000000084d00000| PB 0x0000000084d00000| Untracked 
|  26|0x0000000084e00000, 0x0000000084e60090, 0x0000000084f00000| 37%| S|CS|TAMS 0x0000000084e00000| PB 0x0000000084e00000| Complete 
|  27|0x0000000084f00000, 0x0000000085000000, 0x0000000085000000|100%| S|CS|TAMS 0x0000000084f00000| PB 0x0000000084f00000| Complete 
|  28|0x0000000085000000, 0x0000000085100000, 0x0000000085100000|100%| S|CS|TAMS 0x0000000085000000| PB 0x0000000085000000| Complete 
|  29|0x0000000085100000, 0x0000000085100000, 0x0000000085200000|  0%| F|  |TAMS 0x0000000085100000| PB 0x0000000085100000| Untracked 
|  30|0x0000000085200000, 0x0000000085200000, 0x0000000085300000|  0%| F|  |TAMS 0x0000000085200000| PB 0x0000000085200000| Untracked 
|  31|0x0000000085300000, 0x0000000085300000, 0x0000000085400000|  0%| F|  |TAMS 0x0000000085300000| PB 0x0000000085300000| Untracked 
|  32|0x0000000085400000, 0x0000000085400000, 0x0000000085500000|  0%| F|  |TAMS 0x0000000085400000| PB 0x0000000085400000| Untracked 
|  33|0x0000000085500000, 0x0000000085500000, 0x0000000085600000|  0%| F|  |TAMS 0x0000000085500000| PB 0x0000000085500000| Untracked 
|  34|0x0000000085600000, 0x0000000085600000, 0x0000000085700000|  0%| F|  |TAMS 0x0000000085600000| PB 0x0000000085600000| Untracked 
|  35|0x0000000085700000, 0x0000000085700000, 0x0000000085800000|  0%| F|  |TAMS 0x0000000085700000| PB 0x0000000085700000| Untracked 
|  36|0x0000000085800000, 0x0000000085800000, 0x0000000085900000|  0%| F|  |TAMS 0x0000000085800000| PB 0x0000000085800000| Untracked 
|  37|0x0000000085900000, 0x0000000085900000, 0x0000000085a00000|  0%| F|  |TAMS 0x0000000085900000| PB 0x0000000085900000| Untracked 
|  38|0x0000000085a00000, 0x0000000085a00000, 0x0000000085b00000|  0%| F|  |TAMS 0x0000000085a00000| PB 0x0000000085a00000| Untracked 
|  39|0x0000000085b00000, 0x0000000085b00000, 0x0000000085c00000|  0%| F|  |TAMS 0x0000000085b00000| PB 0x0000000085b00000| Untracked 
|  40|0x0000000085c00000, 0x0000000085c00000, 0x0000000085d00000|  0%| F|  |TAMS 0x0000000085c00000| PB 0x0000000085c00000| Untracked 
|  41|0x0000000085d00000, 0x0000000085d00000, 0x0000000085e00000|  0%| F|  |TAMS 0x0000000085d00000| PB 0x0000000085d00000| Untracked 
|  42|0x0000000085e00000, 0x0000000085e00000, 0x0000000085f00000|  0%| F|  |TAMS 0x0000000085e00000| PB 0x0000000085e00000| Untracked 
|  43|0x0000000085f00000, 0x0000000085f00000, 0x0000000086000000|  0%| F|  |TAMS 0x0000000085f00000| PB 0x0000000085f00000| Untracked 
|  44|0x0000000086000000, 0x0000000086000000, 0x0000000086100000|  0%| F|  |TAMS 0x0000000086000000| PB 0x0000000086000000| Untracked 
|  95|0x0000000089300000, 0x0000000089300000, 0x0000000089400000|  0%| F|  |TAMS 0x0000000089300000| PB 0x0000000089300000| Untracked 
|  96|0x0000000089400000, 0x0000000089400000, 0x0000000089500000|  0%| F|  |TAMS 0x0000000089400000| PB 0x0000000089400000| Untracked 
|  97|0x0000000089500000, 0x00000000895775b8, 0x0000000089600000| 46%| E|  |TAMS 0x0000000089500000| PB 0x0000000089500000| Complete 
| 124|0x000000008b000000, 0x000000008b100000, 0x000000008b100000|100%| E|CS|TAMS 0x000000008b000000| PB 0x000000008b000000| Complete 
| 125|0x000000008b100000, 0x000000008b200000, 0x000000008b200000|100%| E|CS|TAMS 0x000000008b100000| PB 0x000000008b100000| Complete 

Card table byte_map: [0x000001dafc6b0000,0x000001dafcaa0000] _byte_map_base: 0x000001dafc296000

Marking Bits: (CMBitMap*) 0x000001dafbf230d0
 Bits: [0x000001dafce90000, 0x000001dafedc0000)

Polling page: 0x000001daf9e10000

Metaspace:

Usage:
  Non-class:     29.30 MB used.
      Class:      4.03 MB used.
       Both:     33.34 MB used.

Virtual space:
  Non-class space:       64.00 MB reserved,      29.50 MB ( 46%) committed,  1 nodes.
      Class space:        1.00 GB reserved,       4.19 MB ( <1%) committed,  1 nodes.
             Both:        1.06 GB reserved,      33.69 MB (  3%) committed. 

Chunk freelists:
   Non-Class:  2.38 MB
       Class:  3.83 MB
        Both:  6.20 MB

MaxMetaspaceSize: unlimited
CompressedClassSpaceSize: 1.00 GB
Initial GC threshold: 21.00 MB
Current GC threshold: 35.31 MB
CDS: on
MetaspaceReclaimPolicy: balanced
 - commit_granule_bytes: 65536.
 - commit_granule_words: 8192.
 - virtual_space_node_default_size: 8388608.
 - enlarge_chunks_in_place: 1.
 - new_chunks_are_fully_committed: 0.
 - uncommit_free_chunks: 1.
 - use_allocation_guard: 0.


Internal statistics:

num_allocs_failed_limit: 3.
num_arena_births: 432.
num_arena_deaths: 0.
num_vsnodes_births: 2.
num_vsnodes_deaths: 0.
num_space_committed: 539.
num_space_uncommitted: 0.
num_chunks_returned_to_freelist: 3.
num_chunks_taken_from_freelist: 1341.
num_chunk_merges: 3.
num_chunk_splits: 958.
num_chunks_enlarged: 756.
num_inconsistent_stats: 0.

CodeHeap 'non-profiled nmethods': size=120000Kb used=1439Kb max_used=1439Kb free=118560Kb
 bounds [0x000001da8fae0000, 0x000001da8fd50000, 0x000001da97010000]
CodeHeap 'profiled nmethods': size=120000Kb used=6862Kb max_used=6862Kb free=113137Kb
 bounds [0x000001da88010000, 0x000001da886d0000, 0x000001da8f540000]
CodeHeap 'non-nmethods': size=5760Kb used=1648Kb max_used=1678Kb free=4111Kb
 bounds [0x000001da8f540000, 0x000001da8f7b0000, 0x000001da8fae0000]
 total_blobs=4154 nmethods=3512 adapters=551
 compilation: enabled
              stopped_count=0, restarted_count=0
 full_count=0

Compilation events (20 events):
Event: 4.985 Thread 0x000001daff1c42a0 nmethod 3471 0x000001da886b1b10 code [0x000001da886b1ca0, 0x000001da886b1f00]
Event: 4.985 Thread 0x000001daff1c42a0 3474       3       java.lang.ref.ReferenceQueue::remove0 (64 bytes)
Event: 4.985 Thread 0x000001daff1c42a0 nmethod 3474 0x000001da886b2010 code [0x000001da886b2200, 0x000001da886b2688]
Event: 4.985 Thread 0x000001daff1c42a0 3475       3       java.lang.invoke.MethodHandleNatives$CallSiteContext::run (5 bytes)
Event: 4.986 Thread 0x000001daff1c42a0 nmethod 3475 0x000001da886b2810 code [0x000001da886b29a0, 0x000001da886b2ad0]
Event: 4.986 Thread 0x000001daff1c42a0 3470       3       java.util.concurrent.locks.AbstractQueuedSynchronizer$ConditionObject::signalAll (34 bytes)
Event: 4.986 Thread 0x000001daff1c42a0 nmethod 3470 0x000001da886b2b90 code [0x000001da886b2d40, 0x000001da886b3088]
Event: 5.007 Thread 0x000001daff1c42a0 3477       3       java.util.LinkedHashMap::<init> (11 bytes)
Event: 5.008 Thread 0x000001daff1c42a0 nmethod 3477 0x000001da886b3190 code [0x000001da886b3340, 0x000001da886b34f0]
Event: 5.008 Thread 0x000001daff1c42a0 3478       3       com.google.common.base.Preconditions::checkNotNull (14 bytes)
Event: 5.008 Thread 0x000001daff1c42a0 nmethod 3478 0x000001da886b3610 code [0x000001da886b37a0, 0x000001da886b3990]
Event: 5.008 Thread 0x000001daff1c17e0 3479       4       java.util.AbstractMap::<init> (5 bytes)
Event: 5.008 Thread 0x000001daff1c17e0 nmethod 3479 0x000001da8fc46b90 code [0x000001da8fc46d00, 0x000001da8fc46d88]
Event: 5.008 Thread 0x000001daff1c17e0 3480       4       java.util.HashMap::resize (356 bytes)
Event: 5.008 Thread 0x000001daff1c42a0 3481       3       java.util.LinkedHashMap$LinkedEntrySet::<init> (10 bytes)
Event: 5.008 Thread 0x000001daff1c42a0 nmethod 3481 0x000001da886b3a90 code [0x000001da886b3c20, 0x000001da886b3ea8]
Event: 5.013 Thread 0x000001daff1c42a0 3482       3       org.openqa.selenium.json.Types::narrow (49 bytes)
Event: 5.014 Thread 0x000001daff1c42a0 nmethod 3482 0x000001da886b3f90 code [0x000001da886b41a0, 0x000001da886b4998]
Event: 5.018 Thread 0x000001daff1c42a0 3484       3       java.lang.invoke.MethodHandles::constant (88 bytes)
Event: 5.019 Thread 0x000001daff1c42a0 nmethod 3484 0x000001da886b4b90 code [0x000001da886b4e80, 0x000001da886b5d90]

GC Heap History (10 events):
Event: 1.085 GC heap before
{Heap before GC invocations=0 (full 0):
 garbage-first heap   total 129024K, used 22528K [0x0000000083400000, 0x0000000100000000)
  region size 1024K, 23 young (23552K), 0 survivors (0K)
 Metaspace       used 9930K, committed 10176K, reserved 1114112K
  class space    used 1077K, committed 1216K, reserved 1048576K
}
Event: 1.095 GC heap after
{Heap after GC invocations=1 (full 0):
 garbage-first heap   total 129024K, used 9280K [0x0000000083400000, 0x0000000100000000)
  region size 1024K, 3 young (3072K), 3 survivors (3072K)
 Metaspace       used 9930K, committed 10176K, reserved 1114112K
  class space    used 1077K, committed 1216K, reserved 1048576K
}
Event: 1.756 GC heap before
{Heap before GC invocations=1 (full 0):
 garbage-first heap   total 129024K, used 32832K [0x0000000083400000, 0x0000000100000000)
  region size 1024K, 26 young (26624K), 3 survivors (3072K)
 Metaspace       used 15940K, committed 16128K, reserved 1114112K
  class space    used 1709K, committed 1792K, reserved 1048576K
}
Event: 1.761 GC heap after
{Heap after GC invocations=2 (full 0):
 garbage-first heap   total 129024K, used 11478K [0x0000000083400000, 0x0000000100000000)
  region size 1024K, 2 young (2048K), 2 survivors (2048K)
 Metaspace       used 15940K, committed 16128K, reserved 1114112K
  class space    used 1709K, committed 1792K, reserved 1048576K
}
Event: 2.177 GC heap before
{Heap before GC invocations=2 (full 0):
 garbage-first heap   total 129024K, used 36054K [0x0000000083400000, 0x0000000100000000)
  region size 1024K, 28 young (28672K), 2 survivors (2048K)
 Metaspace       used 21303K, committed 21504K, reserved 1114112K
  class space    used 2346K, committed 2432K, reserved 1048576K
}
Event: 2.182 GC heap after
{Heap after GC invocations=3 (full 0):
 garbage-first heap   total 129024K, used 12153K [0x0000000083400000, 0x0000000100000000)
  region size 1024K, 3 young (3072K), 3 survivors (3072K)
 Metaspace       used 21303K, committed 21504K, reserved 1114112K
  class space    used 2346K, committed 2432K, reserved 1048576K
}
Event: 3.018 GC heap before
{Heap before GC invocations=4 (full 0):
 garbage-first heap   total 51200K, used 39801K [0x0000000083400000, 0x0000000100000000)
  region size 1024K, 30 young (30720K), 3 survivors (3072K)
 Metaspace       used 27218K, committed 27520K, reserved 1114112K
  class space    used 3126K, committed 3264K, reserved 1048576K
}
Event: 3.024 GC heap after
{Heap after GC invocations=5 (full 0):
 garbage-first heap   total 51200K, used 15000K [0x0000000083400000, 0x0000000100000000)
  region size 1024K, 4 young (4096K), 4 survivors (4096K)
 Metaspace       used 27218K, committed 27520K, reserved 1114112K
  class space    used 3126K, committed 3264K, reserved 1048576K
}
Event: 4.974 GC heap before
{Heap before GC invocations=5 (full 0):
 garbage-first heap   total 51200K, used 36504K [0x0000000083400000, 0x0000000100000000)
  region size 1024K, 25 young (25600K), 4 survivors (4096K)
 Metaspace       used 33670K, committed 34048K, reserved 1114112K
  class space    used 4059K, committed 4224K, reserved 1048576K
}
Event: 4.982 GC heap after
{Heap after GC invocations=6 (full 0):
 garbage-first heap   total 51200K, used 17025K [0x0000000083400000, 0x0000000100000000)
  region size 1024K, 3 young (3072K), 3 survivors (3072K)
 Metaspace       used 33670K, committed 34048K, reserved 1114112K
  class space    used 4059K, committed 4224K, reserved 1048576K
}

Dll operation events (11 events):
Event: 0.008 Loaded shared library C:\Program Files\Java\jdk-20\bin\java.dll
Event: 0.052 Loaded shared library C:\Program Files\Java\jdk-20\bin\jsvml.dll
Event: 0.184 Loaded shared library C:\Program Files\Java\jdk-20\bin\net.dll
Event: 0.188 Loaded shared library C:\Program Files\Java\jdk-20\bin\nio.dll
Event: 0.194 Loaded shared library C:\Program Files\Java\jdk-20\bin\zip.dll
Event: 0.325 Loaded shared library C:\Program Files\Java\jdk-20\bin\jimage.dll
Event: 0.500 Loaded shared library C:\Program Files\Java\jdk-20\bin\extnet.dll
Event: 0.583 Loaded shared library C:\Program Files\Java\jdk-20\bin\sunmscapi.dll
Event: 1.207 Loaded shared library C:\Program Files\Java\jdk-20\bin\verify.dll
Event: 2.875 Loaded shared library C:\Program Files\Java\jdk-20\bin\management.dll
Event: 2.880 Loaded shared library C:\Program Files\Java\jdk-20\bin\management_ext.dll

Deoptimization events (20 events):
Event: 2.841 Thread 0x000001dafbec2870 Uncommon trap: trap_request=0xffffffcc fr.pc=0x000001da8fbd50a4 relative=0x0000000000000384
Event: 2.841 Thread 0x000001dafbec2870 Uncommon trap: reason=intrinsic_or_type_checked_inlining action=make_not_entrant pc=0x000001da8fbd50a4 method=java.util.Arrays.copyOf([Ljava/lang/Object;ILjava/lang/Class;)[Ljava/lang/Object; @ 35 c2
Event: 2.841 Thread 0x000001dafbec2870 DEOPT PACKING pc=0x000001da8fbd50a4 sp=0x000000c1ab9fdf10
Event: 2.841 Thread 0x000001dafbec2870 DEOPT UNPACKING pc=0x000001da8f5a9d22 sp=0x000000c1ab9fdea0 mode 2
Event: 2.966 Thread 0x000001dafbec2870 Uncommon trap: trap_request=0xffffff45 fr.pc=0x000001da8fbeb464 relative=0x0000000000000aa4
Event: 2.966 Thread 0x000001dafbec2870 Uncommon trap: reason=unstable_if action=reinterpret pc=0x000001da8fbeb464 method=jdk.internal.org.objectweb.asm.Frame.execute(IILjdk/internal/org/objectweb/asm/Symbol;Ljdk/internal/org/objectweb/asm/SymbolTable;)V @ 1 c2
Event: 2.966 Thread 0x000001dafbec2870 DEOPT PACKING pc=0x000001da8fbeb464 sp=0x000000c1ab9fc340
Event: 2.966 Thread 0x000001dafbec2870 DEOPT UNPACKING pc=0x000001da8f5a9d22 sp=0x000000c1ab9fc2a8 mode 2
Event: 3.001 Thread 0x000001dafbec2870 Uncommon trap: trap_request=0xffffff45 fr.pc=0x000001da8fbc5e38 relative=0x0000000000000218
Event: 3.001 Thread 0x000001dafbec2870 Uncommon trap: reason=unstable_if action=reinterpret pc=0x000001da8fbc5e38 method=java.util.regex.Matcher.reset()Ljava/util/regex/Matcher; @ 71 c2
Event: 3.001 Thread 0x000001dafbec2870 DEOPT PACKING pc=0x000001da8fbc5e38 sp=0x000000c1ab9fd8c0
Event: 3.002 Thread 0x000001dafbec2870 DEOPT UNPACKING pc=0x000001da8f5a9d22 sp=0x000000c1ab9fd848 mode 2
Event: 3.002 Thread 0x000001dafbec2870 Uncommon trap: trap_request=0xffffff45 fr.pc=0x000001da8fbcede8 relative=0x00000000000007a8
Event: 3.002 Thread 0x000001dafbec2870 Uncommon trap: reason=unstable_if action=reinterpret pc=0x000001da8fbcede8 method=java.util.regex.Matcher.search(I)Z @ 76 c2
Event: 3.002 Thread 0x000001dafbec2870 DEOPT PACKING pc=0x000001da8fbcede8 sp=0x000000c1ab9fd920
Event: 3.002 Thread 0x000001dafbec2870 DEOPT UNPACKING pc=0x000001da8f5a9d22 sp=0x000000c1ab9fd898 mode 2
Event: 3.006 Thread 0x000001dafbec2870 Uncommon trap: trap_request=0xffffff45 fr.pc=0x000001da8fbb2cd8 relative=0x0000000000000718
Event: 3.006 Thread 0x000001dafbec2870 Uncommon trap: reason=unstable_if action=reinterpret pc=0x000001da8fbb2cd8 method=java.util.regex.Matcher.search(I)Z @ 76 c2
Event: 3.006 Thread 0x000001dafbec2870 DEOPT PACKING pc=0x000001da8fbb2cd8 sp=0x000000c1ab9fd8b0
Event: 3.006 Thread 0x000001dafbec2870 DEOPT UNPACKING pc=0x000001da8f5a9d22 sp=0x000000c1ab9fd8a0 mode 2

Classes loaded (20 events):
Event: 4.151 Loading class java/util/concurrent/CompletableFuture$UniApply
Event: 4.151 Loading class java/util/concurrent/CompletableFuture$UniApply done
Event: 4.895 Loading class java/nio/HeapByteBufferR
Event: 4.895 Loading class java/nio/HeapByteBufferR done
Event: 4.900 Loading class java/util/ArrayList$ListItr
Event: 4.902 Loading class java/util/ArrayList$ListItr done
Event: 4.910 Loading class java/util/stream/ReferencePipeline$5
Event: 4.910 Loading class java/util/stream/LongPipeline$StatelessOp
Event: 4.910 Loading class java/util/stream/LongPipeline
Event: 4.911 Loading class java/util/stream/LongPipeline done
Event: 4.911 Loading class java/util/stream/LongPipeline$StatelessOp done
Event: 4.911 Loading class java/util/stream/ReferencePipeline$5 done
Event: 4.911 Loading class java/util/stream/FindOps$FindSink$OfLong
Event: 4.912 Loading class java/util/stream/Sink$OfLong
Event: 4.914 Loading class java/util/stream/Sink$OfLong done
Event: 4.914 Loading class java/util/stream/FindOps$FindSink$OfLong done
Event: 4.915 Loading class java/util/stream/ReferencePipeline$5$1
Event: 4.915 Loading class java/util/stream/ReferencePipeline$5$1 done
Event: 4.957 Loading class java/util/DualPivotQuicksort
Event: 4.958 Loading class java/util/DualPivotQuicksort done

Classes unloaded (0 events):
No events

Classes redefined (0 events):
No events

Internal exceptions (20 events):
Event: 3.274 Thread 0x000001dafbec2870 Exception <a 'java/lang/NoSuchMethodError'{0x0000000085df5be0}: 'java.lang.Object java.lang.invoke.DirectMethodHandle$Holder.newInvokeSpecial(java.lang.Object, long)'> (0x0000000085df5be0) 
thrown [s\open\src\hotspot\share\interpreter\linkResolver.cpp, line 773]
Event: 3.277 Thread 0x000001dafbec2870 Exception <a 'java/lang/NoSuchMethodError'{0x0000000085dfc7e0}: 'java.lang.Object java.lang.invoke.DirectMethodHandle$Holder.invokeStatic(java.lang.Object, long, java.lang.Object)'> (0x0000000085dfc7e0) 
thrown [s\open\src\hotspot\share\interpreter\linkResolver.cpp, line 773]
Event: 3.277 Thread 0x000001dafbec2870 Exception <a 'java/lang/NoSuchMethodError'{0x0000000085c00498}: 'java.lang.Object java.lang.invoke.DirectMethodHandle$Holder.invokeStaticInit(java.lang.Object, long, java.lang.Object)'> (0x0000000085c00498) 
thrown [s\open\src\hotspot\share\interpreter\linkResolver.cpp, line 773]
Event: 3.792 Thread 0x000001dafbec2870 Exception <a 'java/lang/NoSuchMethodError'{0x0000000085c3ea28}: 'double java.lang.invoke.DirectMethodHandle$Holder.invokeVirtual(java.lang.Object, java.lang.Object)'> (0x0000000085c3ea28) 
thrown [s\open\src\hotspot\share\interpreter\linkResolver.cpp, line 773]
Event: 3.792 Thread 0x000001dafbec2870 Exception <a 'java/lang/NoSuchMethodError'{0x0000000085c450c0}: 'float java.lang.invoke.DirectMethodHandle$Holder.invokeVirtual(java.lang.Object, java.lang.Object)'> (0x0000000085c450c0) 
thrown [s\open\src\hotspot\share\interpreter\linkResolver.cpp, line 773]
Event: 3.792 Thread 0x000001dafbec2870 Exception <a 'java/lang/NoSuchMethodError'{0x0000000085c4e150}: 'long java.lang.invoke.DirectMethodHandle$Holder.invokeVirtual(java.lang.Object, java.lang.Object)'> (0x0000000085c4e150) 
thrown [s\open\src\hotspot\share\interpreter\linkResolver.cpp, line 773]
Event: 3.841 Thread 0x000001dafbec2870 Exception <a 'java/lang/NoSuchMethodError'{0x0000000085a1a9e8}: 'java.lang.Object java.lang.invoke.DirectMethodHandle$Holder.invokeStaticInit(java.lang.Object, java.lang.Object, int)'> (0x0000000085a1a9e8) 
thrown [s\open\src\hotspot\share\interpreter\linkResolver.cpp, line 773]
Event: 3.842 Thread 0x000001dafbec2870 Exception <a 'java/lang/NoSuchMethodError'{0x0000000085a20af0}: 'java.lang.Object java.lang.invoke.DirectMethodHandle$Holder.newInvokeSpecial(java.lang.Object, java.lang.Object, int)'> (0x0000000085a20af0) 
thrown [s\open\src\hotspot\share\interpreter\linkResolver.cpp, line 773]
Event: 3.842 Thread 0x000001dafbec2870 Exception <a 'java/lang/NoSuchMethodError'{0x0000000085a29f08}: 'int java.lang.invoke.DirectMethodHandle$Holder.invokeStaticInit(java.lang.Object, java.lang.Object, java.lang.Object)'> (0x0000000085a29f08) 
thrown [s\open\src\hotspot\share\interpreter\linkResolver.cpp, line 773]
Event: 3.843 Thread 0x000001dafbec2870 Exception <a 'java/lang/NoSuchMethodError'{0x0000000085a3eb70}: 'int java.lang.invoke.DirectMethodHandle$Holder.invokeSpecialIFC(java.lang.Object, java.lang.Object, java.lang.Object)'> (0x0000000085a3eb70) 
thrown [s\open\src\hotspot\share\interpreter\linkResolver.cpp, line 773]
Event: 3.851 Thread 0x000001dafbec2870 Exception <a 'java/lang/NoSuchMethodError'{0x0000000085a74b90}: 'long java.lang.invoke.DirectMethodHandle$Holder.invokeSpecial(java.lang.Object, java.lang.Object)'> (0x0000000085a74b90) 
thrown [s\open\src\hotspot\share\interpreter\linkResolver.cpp, line 773]
Event: 3.917 Thread 0x000001dafbec2870 Exception <a 'java/lang/IncompatibleClassChangeError'{0x0000000085812c00}: Found class java.lang.Object, but interface was expected> (0x0000000085812c00) 
thrown [s\open\src\hotspot\share\interpreter\linkResolver.cpp, line 840]
Event: 3.929 Thread 0x000001dafbec2870 Exception <a 'java/lang/NoSuchMethodError'{0x000000008587d768}: 'java.lang.Object java.lang.invoke.DirectMethodHandle$Holder.invokeVirtual(java.lang.Object, java.lang.Object, java.lang.Object, java.lang.Object)'> (0x000000008587d768) 
thrown [s\open\src\hotspot\share\interpreter\linkResolver.cpp, line 773]
Event: 3.942 Thread 0x000001dae099d050 Exception <a 'java/net/ConnectException'{0x0000000085719558}: Connection refused: no further information> (0x0000000085719558) 
thrown [s\open\src\hotspot\share\prims\jni.cpp, line 538]
Event: 3.973 Thread 0x000001dae099d050 Exception <a 'java/net/ConnectException'{0x000000008571a570}: Connection refused: no further information> (0x000000008571a570) 
thrown [s\open\src\hotspot\share\prims\jni.cpp, line 538]
Event: 4.030 Thread 0x000001dafbec2870 Exception <a 'java/lang/NoSuchMethodError'{0x00000000857ece40}: 'java.lang.Object java.lang.invoke.DirectMethodHandle$Holder.newInvokeSpecial(java.lang.Object, java.lang.Object, int, int)'> (0x00000000857ece40) 
thrown [s\open\src\hotspot\share\interpreter\linkResolver.cpp, line 773]
Event: 4.030 Thread 0x000001dafbec2870 Exception <a 'java/lang/NoSuchMethodError'{0x00000000857f7290}: 'void java.lang.invoke.DirectMethodHandle$Holder.invokeStatic(java.lang.Object, java.lang.Object, int)'> (0x00000000857f7290) 
thrown [s\open\src\hotspot\share\interpreter\linkResolver.cpp, line 773]
Event: 4.101 Thread 0x000001dafbec2870 Exception <a 'java/lang/NoSuchMethodError'{0x000000008533fc10}: 'void java.lang.invoke.DirectMethodHandle$Holder.invokeStatic(java.lang.Object, java.lang.Object, java.lang.Object, java.lang.Object, java.lang.Object, java.lang.Object, java.lang.Object)'> (0x000000008533fc10) 
thrown [s\open\src\hotspot\share\interpreter\linkResolver.cpp, line 773]
Event: 4.916 Thread 0x000001dae099fad0 Exception <a 'java/lang/NoSuchMethodError'{0x00000000852e8060}: 'java.lang.Object java.lang.invoke.DirectMethodHandle$Holder.newInvokeSpecial(java.lang.Object, java.lang.Object, long, java.lang.Object, java.lang.Object, java.lang.Object)'> (0x00000000852e8060) 
thrown [s\open\src\hotspot\share\interpreter\linkResolver.cpp, line 773]
Event: 5.017 Thread 0x000001dafbec2870 Exception <a 'java/lang/NoSuchMethodError'{0x000000008b1ed518}: 'java.lang.Object java.lang.invoke.DirectMethodHandle$Holder.invokeSpecialIFC(java.lang.Object, java.lang.Object, java.lang.Object)'> (0x000000008b1ed518) 
thrown [s\open\src\hotspot\share\interpreter\linkResolver.cpp, line 773]

VM Operations (20 events):
Event: 2.369 Executing VM operation: HandshakeAllThreads
Event: 2.369 Executing VM operation: HandshakeAllThreads done
Event: 2.531 Executing VM operation: ICBufferFull
Event: 2.531 Executing VM operation: ICBufferFull done
Event: 2.597 Executing VM operation: HandshakeAllThreads
Event: 2.597 Executing VM operation: HandshakeAllThreads done
Event: 2.894 Executing VM operation: ICBufferFull
Event: 2.895 Executing VM operation: ICBufferFull done
Event: 3.018 Executing VM operation: G1CollectForAllocation
Event: 3.024 Executing VM operation: G1CollectForAllocation done
Event: 4.035 Executing VM operation: Cleanup
Event: 4.036 Executing VM operation: Cleanup done
Event: 4.036 Executing VM operation: HandshakeAllThreads
Event: 4.036 Executing VM operation: HandshakeAllThreads done
Event: 4.896 Executing VM operation: HandshakeAllThreads
Event: 4.896 Executing VM operation: HandshakeAllThreads done
Event: 4.906 Executing VM operation: HandshakeAllThreads
Event: 4.906 Executing VM operation: HandshakeAllThreads done
Event: 4.974 Executing VM operation: G1CollectForAllocation
Event: 4.982 Executing VM operation: G1CollectForAllocation done

Events (20 events):
Event: 0.072 Thread 0x000001daff1c42a0 Thread added: 0x000001daff1c42a0
Event: 0.177 Thread 0x000001dade527f00 Thread added: 0x000001dade527f00
Event: 0.180 Thread 0x000001dade529ee0 Thread added: 0x000001dade529ee0
Event: 0.508 Thread 0x000001dade529440 Thread added: 0x000001dade529440
Event: 1.148 Thread 0x000001dade5289a0 Thread added: 0x000001dade5289a0
Event: 1.149 Thread 0x000001dade5289a0 Thread exited: 0x000001dade5289a0
Event: 1.180 Thread 0x000001dade527460 Thread added: 0x000001dade527460
Event: 2.512 Thread 0x000001dae02ae4a0 Thread added: 0x000001dae02ae4a0
Event: 3.283 Thread 0x000001dade529990 Thread added: 0x000001dade529990
Event: 3.786 Thread 0x000001dade529990 Thread exited: 0x000001dade529990
Event: 3.822 Thread 0x000001dade529990 Thread added: 0x000001dade529990
Event: 3.884 Thread 0x000001dade52a430 Thread added: 0x000001dade52a430
Event: 3.935 Thread 0x000001dae09a2550 Thread added: 0x000001dae09a2550
Event: 3.936 Thread 0x000001dae09a2000 Thread added: 0x000001dae09a2000
Event: 3.936 Thread 0x000001dae09a1ab0 Thread added: 0x000001dae09a1ab0
Event: 3.940 Thread 0x000001dae099d050 Thread added: 0x000001dae099d050
Event: 4.113 Thread 0x000001dae099fad0 Thread added: 0x000001dae099fad0
Event: 4.145 Thread 0x000001dae09a3a90 Thread added: 0x000001dae09a3a90
Event: 4.145 Thread 0x000001dae099daf0 Thread added: 0x000001dae099daf0
Event: 4.895 Thread 0x000001dae02ae4a0 Thread exited: 0x000001dae02ae4a0


Dynamic libraries:
0x00007ff736b20000 - 0x00007ff736b30000 	C:\Program Files\Java\jdk-20\bin\javaw.exe
0x00007fff044e0000 - 0x00007fff046e9000 	C:\WINDOWS\SYSTEM32\ntdll.dll
0x00007fff02c70000 - 0x00007fff02d2d000 	C:\WINDOWS\System32\KERNEL32.DLL
0x00007fff01bb0000 - 0x00007fff01f34000 	C:\WINDOWS\System32\KERNELBASE.dll
0x00007fff01a90000 - 0x00007fff01ba1000 	C:\WINDOWS\System32\ucrtbase.dll
0x00007ffeffbc0000 - 0x00007ffeffbdb000 	C:\Program Files\Java\jdk-20\bin\VCRUNTIME140.dll
0x00007ffee5760000 - 0x00007ffee5779000 	C:\Program Files\Java\jdk-20\bin\jli.dll
0x00007fff02330000 - 0x00007fff023de000 	C:\WINDOWS\System32\ADVAPI32.dll
0x00007fff04360000 - 0x00007fff04403000 	C:\WINDOWS\System32\msvcrt.dll
0x00007fff023e0000 - 0x00007fff0247e000 	C:\WINDOWS\System32\sechost.dll
0x00007fff03360000 - 0x00007fff03481000 	C:\WINDOWS\System32\RPCRT4.dll
0x00007fff02f40000 - 0x00007fff030ed000 	C:\WINDOWS\System32\USER32.dll
0x00007fff02070000 - 0x00007fff02096000 	C:\WINDOWS\System32\win32u.dll
0x00007fff00be0000 - 0x00007fff00e85000 	C:\WINDOWS\WinSxS\amd64_microsoft.windows.common-controls_6595b64144ccf1df_6.0.22000.120_none_9d947278b86cc467\COMCTL32.dll
0x00007fff02b30000 - 0x00007fff02b5a000 	C:\WINDOWS\System32\GDI32.dll
0x00007fff02210000 - 0x00007fff0232e000 	C:\WINDOWS\System32\gdi32full.dll
0x00007fff019f0000 - 0x00007fff01a8d000 	C:\WINDOWS\System32\msvcp_win.dll
0x00007ffef4160000 - 0x00007ffef416a000 	C:\WINDOWS\SYSTEM32\VERSION.dll
0x00007fff02af0000 - 0x00007fff02b21000 	C:\WINDOWS\System32\IMM32.DLL
0x00007ffefff80000 - 0x00007ffefff8c000 	C:\Program Files\Java\jdk-20\bin\vcruntime140_1.dll
0x00007ffeba590000 - 0x00007ffeba61e000 	C:\Program Files\Java\jdk-20\bin\msvcp140.dll
0x00007ffe96050000 - 0x00007ffe96ce8000 	C:\Program Files\Java\jdk-20\bin\server\jvm.dll
0x00007ffef73e0000 - 0x00007ffef7413000 	C:\WINDOWS\SYSTEM32\WINMM.dll
0x00007ffee2b40000 - 0x00007ffee2b49000 	C:\WINDOWS\SYSTEM32\WSOCK32.dll
0x00007fff025d0000 - 0x00007fff0263f000 	C:\WINDOWS\System32\WS2_32.dll
0x00007fff00350000 - 0x00007fff00368000 	C:\WINDOWS\SYSTEM32\kernel.appcore.dll
0x00007ffeffce0000 - 0x00007ffeffcea000 	C:\Program Files\Java\jdk-20\bin\jimage.dll
0x00007fff01280000 - 0x00007fff014a1000 	C:\WINDOWS\SYSTEM32\DBGHELP.DLL
0x00007fff01150000 - 0x00007fff01181000 	C:\WINDOWS\SYSTEM32\dbgcore.DLL
0x00007fff01970000 - 0x00007fff019ef000 	C:\WINDOWS\System32\bcryptPrimitives.dll
0x00007ffee5660000 - 0x00007ffee5686000 	C:\Program Files\Java\jdk-20\bin\java.dll
0x00007ffeb1b60000 - 0x00007ffeb1c37000 	C:\Program Files\Java\jdk-20\bin\jsvml.dll
0x00007fff03ab0000 - 0x00007fff04275000 	C:\WINDOWS\System32\SHELL32.dll
0x00007ffefeca0000 - 0x00007ffeff502000 	C:\WINDOWS\SYSTEM32\windows.storage.dll
0x00007fff02760000 - 0x00007fff02ad6000 	C:\WINDOWS\System32\combase.dll
0x00007ffefeb30000 - 0x00007ffefec97000 	C:\WINDOWS\SYSTEM32\wintypes.dll
0x00007fff02da0000 - 0x00007fff02e8a000 	C:\WINDOWS\System32\SHCORE.dll
0x00007fff02570000 - 0x00007fff025cd000 	C:\WINDOWS\System32\shlwapi.dll
0x00007fff018a0000 - 0x00007fff018c5000 	C:\WINDOWS\SYSTEM32\profapi.dll
0x00007ffee5090000 - 0x00007ffee50a3000 	C:\Program Files\Java\jdk-20\bin\net.dll
0x00007ffef67f0000 - 0x00007ffef6904000 	C:\WINDOWS\SYSTEM32\WINHTTP.dll
0x00007fff00770000 - 0x00007fff007d7000 	C:\WINDOWS\system32\mswsock.dll
0x00007ffee3cc0000 - 0x00007ffee3cd6000 	C:\Program Files\Java\jdk-20\bin\nio.dll
0x00007ffee35c0000 - 0x00007ffee35d8000 	C:\Program Files\Java\jdk-20\bin\zip.dll
0x00007ffeff7d0000 - 0x00007ffeff8b7000 	C:\WINDOWS\SYSTEM32\DNSAPI.dll
0x00007ffeff760000 - 0x00007ffeff78d000 	C:\WINDOWS\SYSTEM32\IPHLPAPI.DLL
0x00007fff02c50000 - 0x00007fff02c59000 	C:\WINDOWS\System32\NSI.dll
0x00007ffee55e0000 - 0x00007ffee55ea000 	C:\Windows\System32\rasadhlp.dll
0x00007ffef2130000 - 0x00007ffef21b1000 	C:\WINDOWS\System32\fwpuclnt.dll
0x00007ffef81e0000 - 0x00007ffef81e7000 	C:\Program Files\Java\jdk-20\bin\extnet.dll
0x00007ffef8100000 - 0x00007ffef810e000 	C:\Program Files\Java\jdk-20\bin\sunmscapi.dll
0x00007fff020a0000 - 0x00007fff02202000 	C:\WINDOWS\System32\CRYPT32.dll
0x00007fff00bb0000 - 0x00007fff00bd8000 	C:\WINDOWS\SYSTEM32\ncrypt.dll
0x00007fff00b70000 - 0x00007fff00ba7000 	C:\WINDOWS\SYSTEM32\NTASN1.dll
0x00007fff01590000 - 0x00007fff015a8000 	C:\WINDOWS\SYSTEM32\CRYPTSP.dll
0x00007fff002b0000 - 0x00007fff002e5000 	C:\WINDOWS\system32\rsaenh.dll
0x00007fff00a40000 - 0x00007fff00a6c000 	C:\WINDOWS\SYSTEM32\USERENV.dll
0x00007fff01250000 - 0x00007fff01277000 	C:\WINDOWS\SYSTEM32\bcrypt.dll
0x00007fff00a30000 - 0x00007fff00a3c000 	C:\WINDOWS\SYSTEM32\CRYPTBASE.dll
0x00007ffef5cc0000 - 0x00007ffef5cd9000 	C:\WINDOWS\SYSTEM32\dhcpcsvc6.DLL
0x00007ffef6c90000 - 0x00007ffef6cae000 	C:\WINDOWS\SYSTEM32\dhcpcsvc.DLL
0x00007ffef80e0000 - 0x00007ffef80f0000 	C:\Program Files\Java\jdk-20\bin\verify.dll
0x00007ffedcb10000 - 0x00007ffedcb27000 	C:\WINDOWS\system32\napinsp.dll
0x00007ffedcaf0000 - 0x00007ffedcb0b000 	C:\WINDOWS\system32\pnrpnsp.dll
0x00007ffedcad0000 - 0x00007ffedcae2000 	C:\WINDOWS\System32\winrnr.dll
0x00007ffef4c20000 - 0x00007ffef4c35000 	C:\WINDOWS\system32\wshbth.dll
0x00007ffedcab0000 - 0x00007ffedcacf000 	C:\WINDOWS\system32\nlansp_c.dll
0x00007ffef2920000 - 0x00007ffef292a000 	C:\Program Files\Java\jdk-20\bin\management.dll
0x00007ffee89c0000 - 0x00007ffee89cb000 	C:\Program Files\Java\jdk-20\bin\management_ext.dll
0x00007fff02ae0000 - 0x00007fff02ae8000 	C:\WINDOWS\System32\PSAPI.DLL
0x00007ffefac80000 - 0x00007ffefac88000 	C:\WINDOWS\system32\wshunix.dll

dbghelp: loaded successfully - version: 4.0.5 - missing functions: none
symbol engine: initialized successfully - sym options: 0x614 - pdb path: .;C:\Program Files\Java\jdk-20\bin;C:\WINDOWS\SYSTEM32;C:\WINDOWS\WinSxS\amd64_microsoft.windows.common-controls_6595b64144ccf1df_6.0.22000.120_none_9d947278b86cc467;C:\Program Files\Java\jdk-20\bin\server

VM Arguments:
jvm_args: -ea -Dfile.encoding=UTF-8 -XX:+ShowCodeDetailsInExceptionMessages 
java_command: org.testng.remote.RemoteTestNG -serport 64371 -protocol json -d C:\Users\mdesh\git\LocalNinjaalgoproject\ninjaalgoproject\test-output C:\Users\mdesh\git\LocalNinjaalgoproject\ninjaalgoproject\TestModules.xml
java_class_path (initial): C:\eclipse\eclipse\configuration\org.eclipse.osgi\1084\0\.cp\lib\testng-remote.jar;C:\Users\mdesh\git\LocalNinjaalgoproject\ninjaalgoproject\target\test-classes;C:\Users\mdesh\git\LocalNinjaalgoproject\ninjaalgoproject\target\classes;C:\Users\mdesh\.m2\repository\io\qameta\allure\allure-testng\2.24.0\allure-testng-2.24.0.jar;C:\Users\mdesh\.m2\repository\io\qameta\allure\allure-java-commons\2.24.0\allure-java-commons-2.24.0.jar;C:\Users\mdesh\.m2\repository\org\slf4j\slf4j-api\1.7.36\slf4j-api-1.7.36.jar;C:\Users\mdesh\.m2\repository\io\qameta\allure\allure-model\2.24.0\allure-model-2.24.0.jar;C:\Users\mdesh\.m2\repository\org\testng\testng\6.14.3\testng-6.14.3.jar;C:\Users\mdesh\.m2\repository\com\beust\jcommander\1.72\jcommander-1.72.jar;C:\Users\mdesh\.m2\repository\org\apache-extras\beanshell\bsh\2.0b6\bsh-2.0b6.jar;C:\Users\mdesh\.m2\repository\io\qameta\allure\allure-test-filter\2.24.0\allure-test-filter-2.24.0.jar;C:\Users\mdesh\.m2\repository\org\seleniumhq\selenium\selenium-java\4.15.0\selenium-java-4.15.0.jar;C:\Users\mdesh\.m2\repository\org\seleniumhq\selenium\selenium-api\4.15.0\selenium-api-4.15.0.jar;C:\Users\mdesh\.m2\repository\org\seleniumhq\selenium\selenium-chrome-driver\4.15.0\selenium-chrome-driver-4.15.0.jar;C:\Users\mdesh\.m2\repository\com\google\auto\service\auto-service-annotations\1.1.1\auto-service-annotations-1.1.1.jar;C:\Users\mdesh\.m2\repository\org\seleniumhq\selenium\selenium-chromium-driver\4.15.0\selenium-chromium-driver-4.15.0.jar;C:\Users\mdesh\.m2\repository\org\seleniumhq\selenium\selenium-json\4.15.0\selenium-json-4.15.0.jar;C:\Users\mdesh\.m2\repository\org\seleniumhq\selenium\selenium-manager\4.15.0\selenium-manager-4.15.0.jar;C:\Users\mdesh\.m2\repository\org\seleniumhq\selenium\selenium-devtools-v117\4.15.0\selenium-devtools-v117-4.15.0.jar;C:\Users\mdesh\.m2\repository\org\seleniumhq\selenium\selenium-devtools-v118\4.15.0\selenium-devtools-v118-4.15.0.jar;C:\Users\mdesh\.m2\repository\org\seleniumhq\selenium\selenium-devtools-v119\4.15.0\selenium-devtools-v119-4.15.0.jar;C:\Users\mdesh\.m2\repository\org\seleniumhq\selenium\selenium-devtools-v85\4.15.0\selenium-devtools-v85-4.15.0.jar;C:\Users\mdesh\.m2\repository\org\seleniumhq\selenium\selenium-edge-driver\4.15.0\selenium-edge-driver-4.15.0.jar;C:\Users\mdesh\.m2\repository\org\seleniumhq\selenium\selenium-firefox-driver\4.15.0\selenium-firefox-driver-4.15.0.jar;C:\Users\mdesh\.m2\repository\org\seleniumhq\selenium\selenium-http\4.15.0\selenium-http-4.15.0.jar;C:\Users\mdesh\.m2\repository\dev\failsafe\failsafe\3.3.2\failsafe-3.3.2.jar;C:\Users\mdesh\.m2\repository\org\seleniumhq\selenium\selenium-ie-driver\4.15.0\selenium-ie-driver-4.15.0.jar;C:\Users\mdesh\.m2\repository\org\seleniumhq\selenium\selenium-remote-driver\4.15.0\selenium-remote-driver-4.15.0.jar;C:\Users\mdesh\.m2\repository\com\google\guava\guava\32.1.2-jre\guava-32.1.2-jre.jar;C:\Users\mdesh\.m2\repository\com\google\guava\failureaccess\1.0.1\failureaccess-1.0.1.jar;C:\Users\mdesh\.m2\repository\com\google\guava\listenablefuture\9999.0-empty-to-avoid-conflict-with-guava\listenablefuture-9999.0-empty-to-avoid-conflict-with-guava.jar;C:\Users\mdesh\.m2\repository\com\google\code\findbugs\jsr305\3.0.2\jsr305-3.0.2.jar;C:\Users\mdesh\.m2\repository\org\checkerframework\checker-qual\3.33.0\checker-qual-3.33.0.jar;C:\Users\mdesh\.m2\repository\com\google\errorprone\error_prone_annotations\2.18.0\error_prone_annotations-2.18.0.jar;C:\Users\mdesh\.m2\repository\com\google\j2objc\j2objc-annotations\2.8\j2objc-annotations-2.8.jar;C:\Users\mdesh\.m2\repository\io\opentelemetry\opentelemetry-api\1.28.0\opentelemetry-api-1.28.0.jar;C:\Users\mdesh\.m2\repository\io\opentelemetry\opentelemetry-context\1.28.0\opentelemetry-context-1.28.0.jar;C:\Users\mdesh\.m2\repository\io\opentelemetry\opentelemetry-exporter-logging\1.28.0\opentelemetry-exporter-logging-1.28.0.jar;C:\Users\mdesh\.m2\repository\io\opentelemetry\opentelemetry-sdk-metrics\1.28.0\opentelemetry-sdk-metrics-1.28.0.jar;C:\Users\mdesh\.m2\repository\io\opentelemetry\opentelemetry-extension-incubator\1.28.0-alpha\opentelemetry-extension-incubator-1.28.0-alpha.jar;C:\Users\mdesh\.m2\repository\io\opentelemetry\opentelemetry-sdk-logs\1.28.0\opentelemetry-sdk-logs-1.28.0.jar;C:\Users\mdesh\.m2\repository\io\opentelemetry\opentelemetry-sdk-common\1.28.0\opentelemetry-sdk-common-1.28.0.jar;C:\Users\mdesh\.m2\repository\io\opentelemetry\opentelemetry-sdk-extension-autoconfigure-spi\1.28.0\opentelemetry-sdk-extension-autoconfigure-spi-1.28.0.jar;C:\Users\mdesh\.m2\repository\io\opentelemetry\opentelemetry-sdk-extension-autoconfigure\1.28.0\opentelemetry-sdk-extension-autoconfigure-1.28.0.jar;C:\Users\mdesh\.m2\repository\io\opentelemetry\opentelemetry-api-events\1.28.0-alpha\opentelemetry-api-events-1.28.0-alpha.jar;C:\Users\mdesh\.m2\repository\io\opentelemetry\opentelemetry-sdk-trace\1.28.0\opentelemetry-sdk-trace-1.28.0.jar;C:\Users\mdesh\.m2\repository\io\opentelemetry\opentelemetry-sdk\1.28.0\opentelemetry-sdk-1.28.0.jar;C:\Users\mdesh\.m2\repository\io\opentelemetry\opentelemetry-semconv\1.28.0-alpha\opentelemetry-semconv-1.28.0-alpha.jar;C:\Users\mdesh\.m2\repository\net\bytebuddy\byte-buddy\1.14.5\byte-buddy-1.14.5.jar;C:\Users\mdesh\.m2\repository\org\seleniumhq\selenium\selenium-os\4.15.0\selenium-os-4.15.0.jar;C:\Users\mdesh\.m2\repository\org\apache\commons\commons-exec\1.3\commons-exec-1.3.jar;C:\Users\mdesh\.m2\repository\org\seleniumhq\selenium\selenium-safari-driver\4.15.0\selenium-safari-driver-4.15.0.jar;C:\Users\mdesh\.m2\repository\org\seleniumhq\selenium\selenium-support\4.15.0\selenium-support-4.15.0.jar;C:\Users\mdesh\.m2\repository\io\cucumber\cucumber-java\7.14.0\cucumber-java-7.14.0.jar;C:\Users\mdesh\.m2\repository\org\apiguardian\apiguardian-api\1.1.2\apiguardian-api-1.1.2.jar;C:\Users\mdesh\.m2\repository\io\cucumber\cucumber-core\7.14.0\cucumber-core-7.14.0.jar;C:\Users\mdesh\.m2\repository\io\cucumber\cucumber-gherkin\7.14.0\cucumber-gherkin-7.14.0.jar;C:\Users\mdesh\.m2\repository\io\cucumber\cucumber-gherkin-messages\7.14.0\cucumber-gherkin-messages-7.14.0.jar;C:\Users\mdesh\.m2\repository\io\cucumber\gherkin\26.2.0\gherkin-26.2.0.jar;C:\Users\mdesh\.m2\repository\io\cucumber\messages\22.0.0\messages-22.0.0.jar;C:\Users\mdesh\.m2\repository\io\cucumber\tag-expressions\5.0.6\tag-expressions-5.0.6.jar;C:\Users\mdesh\.m2\repository\io\cucumber\cucumber-expressions\16.1.2\cucumber-expressions-16.1.2.jar;C:\Users\mdesh\.m2\repository\io\cucumber\datatable\7.14.0\datatable-7.14.0.jar;C:\Users\mdesh\.m2\repository\io\cucumber\cucumber-plugin\7.14.0\cucumber-plugin-7.14.0.jar;C:\Users\mdesh\.m2\repository\io\cucumber\docstring\7.14.0\docstring-7.14.0.jar;C:\Users\mdesh\.m2\repository\io\cucumber\html-formatter\20.4.0\html-formatter-20.4.0.jar;C:\Users\mdesh\.m2\repository\io\cucumber\junit-xml-formatter\0.2.0\junit-xml-formatter-0.2.0.jar;C:\Users\mdesh\.m2\repository\io\cucumber\ci-environment\9.2.0\ci-environment-9.2.0.jar;C:\Users\mdesh\.m2\repository\io\cucumber\cucumber-testng\7.14.0\cucumber-testng-7.14.0.jar;C:\Users\mdesh\.m2\repository\io\cucumber\cucumber-junit\7.14.0\cucumber-junit-7.14.0.jar;C:\Users\mdesh\.m2\repository\junit\junit\4.13.2\junit-4.13.2.jar;C:\Users\mdesh\.m2\repository\org\hamcrest\hamcrest-core\1.3\hamcrest-core-1.3.jar;C:\Users\mdesh\.m2\repository\com\aventstack\extentreports\5.1.1\extentreports-5.1.1.jar;C:\Users\mdesh\.m2\repository\io\reactivex\rxjava3\rxjava\3.1.6\rxjava-3.1.6.jar;C:\Users\mdesh\.m2\repository\org\reactivestreams\reactive-streams\1.0.4\reactive-streams-1.0.4.jar;C:\Users\mdesh\.m2\repository\org\freemarker\freemarker\2.3.32\freemarker-2.3.32.jar;C:\Users\mdesh\.m2\repository\org\projectlombok\lombok\1.18.26\lombok-1.18.26.jar;C:\Users\mdesh\.m2\repository\com\google\code\gson\gson\2.10.1\gson-2.10.1.jar;C:\Users\mdesh\.m2\repository\tech\grasshopper\extentreports-cucumber7-adapter\1.14.0\extentreports-cucumber7-adapter-1.14.0.jar;C:\Users\mdesh\.m2\repository\com\aventstack\klov-reporter\5.1.0\klov-reporter-5.1.0.jar;C:\Users\mdesh\.m2\repository\org\mongodb\mongodb-driver\3.6.4\mongodb-driver-3.6.4.jar;C:\Users\mdesh\.m2\repository\org\mongodb\mongodb-driver-core\3.6.4\mongodb-driver-core-3.6.4.jar;C:\Users\mdesh\.m2\repository\org\mongodb\bson\3.6.4\bson-3.6.4.jar;C:\Users\mdesh\.m2\repository\org\apache\httpcomponents\httpclient\4.5.13\httpclient-4.5.13.jar;C:\Users\mdesh\.m2\repository\org\apache\httpcomponents\httpcore\4.4.13\httpcore-4.4.13.jar;C:\Users\mdesh\.m2\repository\commons-logging\commons-logging\1.2\commons-logging-1.2.jar;C:\Users\mdesh\.m2\repository\org\apache\httpcomponents\httpmime\4.5.13\httpmime-4.5.13.jar;C:\Users\mdesh\.m2\repository\tech\grasshopper\htmlextentreporter\1.1.0\htmlextentreporter-1.1.0.jar;C:\Users\mdesh\.m2\repository\tech\grasshopper\extent-excel-report\1.4.0\extent-excel-report-1.4.0.jar;C:\Users\mdesh\.m2\repository\tech\grasshopper\extent-pdf-report\2.12.0\extent-pdf-report-2.12.0.jar;C:\Users\mdesh\.m2\repository\tech\grasshopper\cucumber-pdf-report\2.14.0\cucumber-pdf-report-2.14.0.jar;C:\Users\mdesh\.m2\repository\org\apache\pdfbox\pdfbox\2.0.26\pdfbox-2.0.26.jar;C:\Users\mdesh\.m2\repository\org\apache\pdfbox\fontbox\2.0.26\fontbox-2.0.26.jar;C:\Users\mdesh\.m2\repository\org\knowm\xchart\xchart\3.8.0\xchart-3.8.0.jar;C:\Users\mdesh\.m2\repository\de\erichseifert\vectorgraphics2d\VectorGraphics2D\0.13\VectorGraphics2D-0.13.jar;C:\Users\mdesh\.m2\repository\de\rototor\pdfbox\graphics2d\0.30\graphics2d-0.30.jar;C:\Users\mdesh\.m2\repository\com\madgag\animated-gif-lib\1.4\animated-gif-lib-1.4.jar;C:\Users\mdesh\.m2\repository\org\yaml\snakeyaml\2.0\snakeyaml-2.0.jar;C:\Users\mdesh\.m2\repository\tech\grasshopper\table-layout\1.5.1\table-layout-1.5.1.jar;C:\Users\mdesh\.m2\repository\tech\grasshopper\rest-assured-cucumber-pdf-report\1.5.0\rest-assured-cucumber-pdf-report-1.5.0.jar;C:\Users\mdesh\.m2\repository\org\jsoup\jsoup\1.15.3\jsoup-1.15.3.jar;C:\Users\mdesh\.m2\repository\org\apache\maven\surefire\surefire-junit\2.6\surefire-junit-2.6.jar;C:\Users\mdesh\.m2\repository\org\apache\maven\surefire\surefire-api\2.6\surefire-api-2.6.jar;C:\Users\mdesh\.m2\repository\org\apache\logging\log4j\log4j-core\2.21.1\log4j-core-2.21.1.jar;C:\Users\mdesh\.m2\repository\org\apache\logging\log4j\log4j-api\2.21.1\log4j-api-2.21.1.jar;C:\Users\mdesh\.m2\repository\org\apache\poi\poi\5.2.4\poi-5.2.4.jar;C:\Users\mdesh\.m2\repository\commons-codec\commons-codec\1.16.0\commons-codec-1.16.0.jar;C:\Users\mdesh\.m2\repository\org\apache\commons\commons-collections4\4.4\commons-collections4-4.4.jar;C:\Users\mdesh\.m2\repository\org\apache\commons\commons-math3\3.6.1\commons-math3-3.6.1.jar;C:\Users\mdesh\.m2\repository\commons-io\commons-io\2.13.0\commons-io-2.13.0.jar;C:\Users\mdesh\.m2\repository\com\zaxxer\SparseBitSet\1.3\SparseBitSet-1.3.jar;C:\Users\mdesh\.m2\repository\org\apache\poi\poi-ooxml\5.2.4\poi-ooxml-5.2.4.jar;C:\Users\mdesh\.m2\repository\org\apache\poi\poi-ooxml-lite\5.2.4\poi-ooxml-lite-5.2.4.jar;C:\Users\mdesh\.m2\repository\org\apache\xmlbeans\xmlbeans\5.1.1\xmlbeans-5.1.1.jar;C:\Users\mdesh\.m2\repository\org\apache\commons\commons-compress\1.24.0\commons-compress-1.24.0.jar;C:\Users\mdesh\.m2\repository\com\github\virtuald\curvesapi\1.08\curvesapi-1.08.jar
Launcher Type: SUN_STANDARD

[Global flags]
     intx CICompilerCount                          = 4                                         {product} {ergonomic}
     uint ConcGCThreads                            = 2                                         {product} {ergonomic}
     uint G1ConcRefinementThreads                  = 8                                         {product} {ergonomic}
   size_t G1HeapRegionSize                         = 1048576                                   {product} {ergonomic}
    uintx GCDrainStackTargetSize                   = 64                                        {product} {ergonomic}
   size_t InitialHeapSize                          = 132120576                                 {product} {ergonomic}
   size_t MarkStackSize                            = 4194304                                   {product} {ergonomic}
   size_t MaxHeapSize                              = 2092957696                                {product} {ergonomic}
   size_t MaxNewSize                               = 1255145472                                {product} {ergonomic}
   size_t MinHeapDeltaBytes                        = 1048576                                   {product} {ergonomic}
   size_t MinHeapSize                              = 8388608                                   {product} {ergonomic}
    uintx NonNMethodCodeHeapSize                   = 5839372                                {pd product} {ergonomic}
    uintx NonProfiledCodeHeapSize                  = 122909434                              {pd product} {ergonomic}
    uintx ProfiledCodeHeapSize                     = 122909434                              {pd product} {ergonomic}
    uintx ReservedCodeCacheSize                    = 251658240                              {pd product} {ergonomic}
     bool SegmentedCodeCache                       = true                                      {product} {ergonomic}
     bool ShowCodeDetailsInExceptionMessages       = true                                   {manageable} {command line}
   size_t SoftMaxHeapSize                          = 2092957696                             {manageable} {ergonomic}
     bool UseCompressedClassPointers               = true                           {product lp64_product} {ergonomic}
     bool UseCompressedOops                        = true                           {product lp64_product} {ergonomic}
     bool UseG1GC                                  = true                                      {product} {ergonomic}
     bool UseLargePagesIndividualAllocation        = false                                  {pd product} {ergonomic}

Logging:
Log output configuration:
 #0: stdout all=warning uptime,level,tags foldmultilines=false
 #1: stderr all=off uptime,level,tags foldmultilines=false

Environment Variables:
JAVA_HOME=C:\Program Files\Java\jdk-20
CLASSPATH=C:\Informatica\9.6.1\java\bin;
PATH=C:/eclipse/eclipse//plugins/org.eclipse.justj.openjdk.hotspot.jre.full.win32.x86_64_17.0.8.v20230831-1047/jre/bin/server;C:/eclipse/eclipse//plugins/org.eclipse.justj.openjdk.hotspot.jre.full.win32.x86_64_17.0.8.v20230831-1047/jre/bin;C:\Python311\Scripts\;C:\Python311\;C:\Users\mdesh\Downloads\JobSearch-Meenakshi\Job-Interview-preparation\ETL\oracle11g\product\11.2.0\dbhome_1\bin;C:\Informatica\10.4.1\clients\tools\datadirect;C:\Informatica\10.4.1\clients\tools\odbcdrv;C:\Informatica\10.4.1\clients\tools\jdbcdrv;C:\Informatica\10.4.1\clients\tools\sharedlibs;C:\Users\mdesh\Downloads\JobSearch-Meenakshi\Job-Interview-preparation\ETL\informatica9.6\informatica-workplace\java\jre\bin\server;C:\Users\mdesh\Downloads\JobSearch-Meenakshi\Job-Interview-preparation\ETL\informatica9.6\informatica-workplace\tools\odbcdrv;C:\Users\mdesh\Downloads\JobSearch-Meenakshi\Job-Interview-preparation\ETL\informatica9.6\informatica-workplace\tools\jdbcdrv;C:\Users\mdesh\Downloads\JobSearch-Meenakshi\Job-Interview-preparation\ETL\informatica9.6\informatica-workplace\tools\datadirect;C:\Informatica\9.6.1\java\jre\bin\server;C:\Informatica\9.6.1\tools\odbcdrv;C:\Informatica\9.6.1\tools\jdbcdrv;C:\Informatica\9.6.1\tools\datadirect;C:\Informatica\9.6.1\clients\tools\datadirect;C:\Informatica\9.6.1\clients\tools\odbcdrv;C:\Informatica\9.6.1\clients\tools\jdbcdrv;C:\Users\mdesh\Downloads\WINDOWS.X64_193000_db_home\bin;C:\Program Files\Java\jdk1.8.0_271\bin;C:\WINDOWS\system32;C:\WINDOWS;C:\WINDOWS\System32\Wbem;C:\WINDOWS\System32\WindowsPowerShell\v1.0\;C:\WINDOWS\System32\OpenSSH\;C:\Program Files\Git\cmd;C:\Program Files\Apache Software Foundation\apache-maven-3.6.3\bin;C:\ProgramData\ComposerSetup\bin;C:\wamp64\bin\php\php8.2.0;C:\ProgramData\chocolatey\bin;C:\Program Files\nodejs\;C:\WINDOWS\pear.ini;C:\Program Files\Java\jdk-20\bin;C:\Program Files\Java\jdk-20\bin;C:\Users\mdesh\scoop\apps\allure\2.24.1\bin;C:\Program Files\Git\bin;C:\Program Files\MySQL\MySQL Shell 8.0\bin\;C:\Users\mdesh\scoop\shims;C:\Users\mdesh\AppData\Local\Microsoft\WindowsApps;C:\Users\mdesh\AppData\Local\Programs\Microsoft VS Code\bin;C:\Users\mdesh\AppData\Roaming\Composer\vendor\bin;C:\wamp64\symfony-cli\symfony;C:\Users\mdesh\AppData\Roaming\npm;C:\Program Files (x86)\Brackets\;C:\eclipse\eclipse;
USERNAME=mdesh
OS=Windows_NT
PROCESSOR_IDENTIFIER=Intel64 Family 6 Model 142 Stepping 12, GenuineIntel
TMP=C:\Users\mdesh\AppData\Local\Temp
TEMP=C:\Users\mdesh\AppData\Local\Temp




---------------  S Y S T E M  ---------------

OS:
 Windows 11 , 64 bit Build 22000 (10.0.22000.2538)
OS uptime: 11 days 2:11 hours

CPU: total 8 (initial active 8) (4 cores per cpu, 2 threads per core) family 6 model 142 stepping 12 microcode 0xde, cx8, cmov, fxsr, ht, mmx, 3dnowpref, sse, sse2, sse3, ssse3, sse4.1, sse4.2, popcnt, lzcnt, tsc, tscinvbit, avx, avx2, aes, erms, clmul, bmi1, bmi2, adx, fma, vzeroupper, clflush, clflushopt, rdtscp, f16c

Memory: 4k page, system-wide physical 7979M (413M free)
TotalPageFile size 32555M (AvailPageFile size 0M)
current process WorkingSet (physical memory assigned to process): 170M, peak: 170M
current process commit charge ("private bytes"): 210M, peak: 258M

vm_info: Java HotSpot(TM) 64-Bit Server VM (20.0.2+9-78) for windows-amd64 JRE (20.0.2+9-78), built on 2023-06-14T10:08:48Z by "mach5one" with MS VC++ 17.1 (VS2022)

END.
