[INFO ]2023-11-0715:38:00.465[main]com.ninjaalgo.utils.LoggerLoad1)-For chrome browserPASSED
[INFO ]2023-11-0715:38:01.419[main]com.ninjaalgo.utils.LoggerLoad1)-Get StartedPASSED
[INFO ]2023-11-0715:38:01.921[main]com.ninjaalgo.utils.LoggerLoad1)-Clicking signInPASSED
[INFO ]2023-11-0715:38:02.707[main]com.ninjaalgo.utils.LoggerLoad1)-Login CredentialsPASSED
[INFO ]2023-11-0715:38:03.674[main]com.ninjaalgo.utils.LoggerLoad1)-Get Data Structure modulePASSED
[INFO ]2023-11-0715:45:23.614[main]com.ninjaalgo.utils.LoggerLoad1)-<=====Test For For chrome browseris : PASSED
[INFO ]2023-11-0715:45:24.513[main]com.ninjaalgo.utils.LoggerLoad1)-<=====Test For Get Startedis : PASSED
[INFO ]2023-11-0715:45:24.893[main]com.ninjaalgo.utils.LoggerLoad1)-<=====Test For Clicking signInis : PASSED
[INFO ]2023-11-0715:45:25.709[main]com.ninjaalgo.utils.LoggerLoad1)-<=====Test For Login Credentialsis : PASSED
[INFO ]2023-11-0715:45:26.657[main]com.ninjaalgo.utils.LoggerLoad1)-<=====Test For Get Data Structure moduleis : PASSED
[INFO ]2023-11-0715:54:36.819[main]com.ninjaalgo.utils.LoggerLoad1)-<=====Test For For chrome browseris : PASSED
[INFO ]2023-11-0715:54:37.730[main]com.ninjaalgo.utils.LoggerLoad1)-<=====Test For Get Startedis : PASSED
[INFO ]2023-11-0715:54:38.160[main]com.ninjaalgo.utils.LoggerLoad1)-<=====Test For Clicking signInis : PASSED
[INFO ]2023-11-0715:54:38.964[main]com.ninjaalgo.utils.LoggerLoad1)-<=====Test For Login Credentialsis : PASSED
[INFO ]2023-11-0715:54:39.913[main]com.ninjaalgo.utils.LoggerLoad1)-<=====Test For Get Data Structure moduleis : PASSED
[INFO ]2023-11-0715:55:50.266[main]com.ninjaalgo.utils.LoggerLoad1)-<=====Test For For chrome browseris : PASSED
[INFO ]2023-11-0715:55:51.156[main]com.ninjaalgo.utils.LoggerLoad1)-<=====Test For Get Startedis : PASSED
[INFO ]2023-11-0715:55:51.510[main]com.ninjaalgo.utils.LoggerLoad1)-<=====Test For Clicking signInis : PASSED
[INFO ]2023-11-0715:55:52.291[main]com.ninjaalgo.utils.LoggerLoad1)-<=====Test For Login Credentialsis : PASSED
[INFO ]2023-11-0715:55:53.247[main]com.ninjaalgo.utils.LoggerLoad1)-<=====Test For Get Data Structure moduleis : PASSED
[INFO ]2023-11-0715:57:00.502[main]com.ninjaalgo.utils.LoggerLoad1)-<=====Test For For chrome browseris : PASSED
[INFO ]2023-11-0715:57:01.395[main]com.ninjaalgo.utils.LoggerLoad1)-<=====Test For Get Startedis : PASSED
[INFO ]2023-11-0715:57:01.835[main]com.ninjaalgo.utils.LoggerLoad1)-<=====Test For Clicking signInis : PASSED
[INFO ]2023-11-0715:57:02.598[main]com.ninjaalgo.utils.LoggerLoad1)-<=====Test For Login Credentialsis : PASSED
[INFO ]2023-11-0715:57:03.558[main]com.ninjaalgo.utils.LoggerLoad1)-<=====Test For Get Data Structure moduleis : PASSED
[INFO ]2023-11-0715:58:45.582[main]com.ninjaalgo.utils.LoggerLoad1)-<=====Test For For chrome browseris : PASSED
[INFO ]2023-11-0715:58:46.447[main]com.ninjaalgo.utils.LoggerLoad1)-<=====Test For Get Startedis : PASSED
[INFO ]2023-11-0715:58:46.907[main]com.ninjaalgo.utils.LoggerLoad1)-<=====Test For Clicking signInis : PASSED
[INFO ]2023-11-0715:58:47.646[main]com.ninjaalgo.utils.LoggerLoad1)-<=====Test For Login Credentialsis : PASSED
[INFO ]2023-11-0715:58:48.657[main]com.ninjaalgo.utils.LoggerLoad1)-<=====Test For Get Data Structure moduleis : PASSED
[INFO ]2023-11-0715:59:32.325[main]com.ninjaalgo.utils.LoggerLoad1)-<=====Test For For chrome browseris : PASSED
[INFO ]2023-11-0715:59:33.206[main]com.ninjaalgo.utils.LoggerLoad1)-<=====Test For Get Startedis : PASSED
[INFO ]2023-11-0715:59:33.678[main]com.ninjaalgo.utils.LoggerLoad1)-<=====Test For Clicking signInis : PASSED
[INFO ]2023-11-0715:59:34.451[main]com.ninjaalgo.utils.LoggerLoad1)-<=====Test For Login Credentialsis : PASSED
[INFO ]2023-11-0715:59:35.417[main]com.ninjaalgo.utils.LoggerLoad1)-<=====Test For Get Data Structure moduleis : PASSED
[INFO ]2023-11-0716:00:53.700[main]com.ninjaalgo.utils.LoggerLoad1)-<=====Test For For chrome browseris : PASSED
[INFO ]2023-11-0716:00:54.590[main]com.ninjaalgo.utils.LoggerLoad1)-<=====Test For Get Startedis : PASSED
[INFO ]2023-11-0716:00:55.002[main]com.ninjaalgo.utils.LoggerLoad1)-<=====Test For Clicking signInis : PASSED
[INFO ]2023-11-0716:00:55.794[main]com.ninjaalgo.utils.LoggerLoad1)-<=====Test For Login Credentialsis : PASSED
[INFO ]2023-11-0716:00:56.741[main]com.ninjaalgo.utils.LoggerLoad1)-<=====Test For Get Data Structure moduleis : PASSED
[INFO ]2023-11-0716:02:08.556[main]com.ninjaalgo.utils.LoggerLoad1)-<=====Test For For chrome browseris : PASSED
[INFO ]2023-11-0716:02:09.465[main]com.ninjaalgo.utils.LoggerLoad1)-<=====Test For Get Startedis : PASSED
[INFO ]2023-11-0716:02:09.907[main]com.ninjaalgo.utils.LoggerLoad1)-<=====Test For Clicking signInis : PASSED
[INFO ]2023-11-0716:02:10.748[main]com.ninjaalgo.utils.LoggerLoad1)-<=====Test For Login Credentialsis : PASSED
[INFO ]2023-11-0716:02:11.681[main]com.ninjaalgo.utils.LoggerLoad1)-<=====Test For Get Data Structure moduleis : PASSED
[INFO ]2023-11-0716:05:34.261[main]com.ninjaalgo.utils.LoggerLoad1)-<=====Test For For chrome browseris : PASSED
[INFO ]2023-11-0716:05:35.185[main]com.ninjaalgo.utils.LoggerLoad1)-<=====Test For Get Startedis : PASSED
[INFO ]2023-11-0716:05:35.649[main]com.ninjaalgo.utils.LoggerLoad1)-<=====Test For Clicking signInis : PASSED
[INFO ]2023-11-0716:05:36.536[main]com.ninjaalgo.utils.LoggerLoad1)-<=====Test For Login Credentialsis : PASSED
[INFO ]2023-11-0716:05:37.599[main]com.ninjaalgo.utils.LoggerLoad1)-<=====Test For Get Data Structure moduleis : PASSED
[INFO ]2023-11-0716:09:38.380[main]com.ninjaalgo.utils.LoggerLoad1)-<=====Test For For chrome browseris : PASSED
[INFO ]2023-11-0716:09:39.257[main]com.ninjaalgo.utils.LoggerLoad1)-<=====Test For Get Startedis : PASSED
[INFO ]2023-11-0716:09:39.650[main]com.ninjaalgo.utils.LoggerLoad1)-<=====Test For Clicking signInis : PASSED
[INFO ]2023-11-0716:09:40.390[main]com.ninjaalgo.utils.LoggerLoad1)-<=====Test For Login Credentialsis : PASSED
[INFO ]2023-11-0716:09:41.361[main]com.ninjaalgo.utils.LoggerLoad1)-<=====Test For Get Data Structure moduleis : PASSED
[INFO ]2023-11-0716:20:50.319[main]com.ninjaalgo.utils.LoggerLoad1)-<=====Test For For chrome browseris : PASSED
[INFO ]2023-11-0716:20:51.189[main]com.ninjaalgo.utils.LoggerLoad1)-<=====Test For Get Startedis : PASSED
[INFO ]2023-11-0716:20:51.627[main]com.ninjaalgo.utils.LoggerLoad1)-<=====Test For Clicking signInis : PASSED
[INFO ]2023-11-0716:20:52.485[main]com.ninjaalgo.utils.LoggerLoad1)-<=====Test For Login Credentialsis : PASSED
[INFO ]2023-11-0716:20:53.110[main]com.ninjaalgo.utils.LoggerLoad1)-<=====Test For Get Data Structure moduleis : PASSED
[INFO ]2023-11-0716:23:28.616[main]com.ninjaalgo.utils.LoggerLoad1)-<=====Test For Get Data Structure moduleis : UNDEFINED
[INFO ]2023-11-0718:28:33.166[main]com.ninjaalgo.utils.LoggerLoad1)-<=====Test For Get Data Structure moduleis : UNDEFINED
[INFO ]2023-11-0718:38:19.444[main]com.ninjaalgo.utils.LoggerLoad1)-<=====Test For For chrome browseris : FAILED
[INFO ]2023-11-0718:38:25.797[main]com.ninjaalgo.utils.LoggerLoad1)-<=====Test For Get Startedis : FAILED
[INFO ]2023-11-0718:38:29.972[main]com.ninjaalgo.utils.LoggerLoad1)-<=====Test For Clicking signInis : PASSED
[INFO ]2023-11-0718:38:30.025[main]com.ninjaalgo.utils.LoggerLoad1)-<=====Test For Login Credentialsis : FAILED
[INFO ]2023-11-0718:38:30.050[main]com.ninjaalgo.utils.LoggerLoad1)-<=====Test For Get Data Structure moduleis : FAILED
[INFO ]2023-11-0718:41:39.387[main]com.ninjaalgo.utils.LoggerLoad1)-<=====Test For For chrome browseris : FAILED
[INFO ]2023-11-0718:41:45.767[main]com.ninjaalgo.utils.LoggerLoad1)-<=====Test For Get Startedis : FAILED
[INFO ]2023-11-0718:41:49.874[main]com.ninjaalgo.utils.LoggerLoad1)-<=====Test For Clicking signInis : PASSED
[INFO ]2023-11-0718:41:49.920[main]com.ninjaalgo.utils.LoggerLoad1)-<=====Test For Login Credentialsis : FAILED
[INFO ]2023-11-0718:41:49.943[main]com.ninjaalgo.utils.LoggerLoad1)-<=====Test For Get Data Structure moduleis : FAILED
[INFO ]2023-11-0718:42:22.327[main]com.ninjaalgo.utils.LoggerLoad1)-<=====Test For For chrome browseris : FAILED
[INFO ]2023-11-0718:42:28.612[main]com.ninjaalgo.utils.LoggerLoad1)-<=====Test For Get Startedis : FAILED
[INFO ]2023-11-0718:42:32.718[main]com.ninjaalgo.utils.LoggerLoad1)-<=====Test For Clicking signInis : PASSED
[INFO ]2023-11-0718:42:32.765[main]com.ninjaalgo.utils.LoggerLoad1)-<=====Test For Login Credentialsis : FAILED
[INFO ]2023-11-0718:42:32.790[main]com.ninjaalgo.utils.LoggerLoad1)-<=====Test For Get Data Structure moduleis : FAILED
[INFO ]2023-11-0718:44:10.292[main]com.ninjaalgo.utils.LoggerLoad1)-<=====Test For For chrome browseris : PASSED
[INFO ]2023-11-0718:44:11.211[main]com.ninjaalgo.utils.LoggerLoad1)-<=====Test For Get Startedis : PASSED
[INFO ]2023-11-0718:44:11.664[main]com.ninjaalgo.utils.LoggerLoad1)-<=====Test For Clicking signInis : PASSED
[INFO ]2023-11-0718:44:12.518[main]com.ninjaalgo.utils.LoggerLoad1)-<=====Test For Login Credentialsis : UNDEFINED
[INFO ]2023-11-0718:44:16.260[main]com.ninjaalgo.utils.LoggerLoad1)-<=====Test For Get Data Structure moduleis : FAILED
[INFO ]2023-11-0718:47:41.699[main]com.ninjaalgo.utils.LoggerLoad1)-<=====Test For Clicking signInis : PASSED
[INFO ]2023-11-0718:47:41.785[main]com.ninjaalgo.utils.LoggerLoad1)-<=====Test For Login Credentialsis : UNDEFINED
[INFO ]2023-11-0718:53:56.989[main]com.ninjaalgo.utils.LoggerLoad1)-<=====Test For For chrome browseris : PASSED
[INFO ]2023-11-0718:53:57.895[main]com.ninjaalgo.utils.LoggerLoad1)-<=====Test For Get Startedis : UNDEFINED
[INFO ]2023-11-0718:53:58.335[main]com.ninjaalgo.utils.LoggerLoad1)-<=====Test For Clicking signInis : PASSED
[INFO ]2023-11-0718:54:02.143[main]com.ninjaalgo.utils.LoggerLoad1)-<=====Test For Login Credentialsis : FAILED
[INFO ]2023-11-0718:54:02.711[main]com.ninjaalgo.utils.LoggerLoad1)-<=====Test For Get Data Structure moduleis : UNDEFINED
[INFO ]2023-11-0718:55:09.726[main]com.ninjaalgo.utils.LoggerLoad1)-<=====Test For For chrome browseris : PASSED
[INFO ]2023-11-0718:55:10.627[main]com.ninjaalgo.utils.LoggerLoad1)-<=====Test For Get Startedis : UNDEFINED
[INFO ]2023-11-0718:55:11.092[main]com.ninjaalgo.utils.LoggerLoad1)-<=====Test For Clicking signInis : PASSED
[INFO ]2023-11-0718:55:11.895[main]com.ninjaalgo.utils.LoggerLoad1)-<=====Test For Login Credentialsis : PASSED
[INFO ]2023-11-0718:55:12.543[main]com.ninjaalgo.utils.LoggerLoad1)-<=====Test For Get Data Structure moduleis : UNDEFINED
[INFO ]2023-11-0719:03:31.159[main]com.ninjaalgo.utils.LoggerLoad1)-<=====Test For For chrome browseris : PASSED
[INFO ]2023-11-0719:03:32.042[main]com.ninjaalgo.utils.LoggerLoad1)-<=====Test For Get Startedis : PASSED
[INFO ]2023-11-0719:03:32.491[main]com.ninjaalgo.utils.LoggerLoad1)-<=====Test For Clicking signInis : PASSED
[INFO ]2023-11-0719:03:33.336[main]com.ninjaalgo.utils.LoggerLoad1)-<=====Test For Login Credentialsis : PASSED
[INFO ]2023-11-0719:03:37.084[main]com.ninjaalgo.utils.LoggerLoad1)-<=====Test For Get Data Structure moduleis : FAILED
[INFO ]2023-11-0719:04:54.657[main]com.ninjaalgo.utils.LoggerLoad1)-<=====Test For For chrome browseris : PASSED
[INFO ]2023-11-0719:04:55.562[main]com.ninjaalgo.utils.LoggerLoad1)-<=====Test For Get Startedis : PASSED
[INFO ]2023-11-0719:04:56.006[main]com.ninjaalgo.utils.LoggerLoad1)-<=====Test For Clicking signInis : PASSED
[INFO ]2023-11-0719:04:56.887[main]com.ninjaalgo.utils.LoggerLoad1)-<=====Test For Login Credentialsis : PASSED
[INFO ]2023-11-0719:05:00.651[main]com.ninjaalgo.utils.LoggerLoad1)-<=====Test For Get Data Structure moduleis : FAILED
[INFO ]2023-11-0719:08:16.194[main]com.ninjaalgo.utils.LoggerLoad1)-<=====Test For For chrome browseris : PASSED
[INFO ]2023-11-0719:08:17.146[main]com.ninjaalgo.utils.LoggerLoad1)-<=====Test For Get Startedis : PASSED
[INFO ]2023-11-0719:08:17.511[main]com.ninjaalgo.utils.LoggerLoad1)-<=====Test For Clicking signInis : PASSED
[INFO ]2023-11-0719:08:18.268[main]com.ninjaalgo.utils.LoggerLoad1)-<=====Test For Login Credentialsis : PASSED
[INFO ]2023-11-0719:08:21.954[main]com.ninjaalgo.utils.LoggerLoad1)-<=====Test For Get Data Structure moduleis : FAILED
[INFO ]2023-11-0719:13:40.751[main]com.ninjaalgo.utils.LoggerLoad1)-<=====Test For For chrome browseris : PASSED
[INFO ]2023-11-0719:13:41.750[main]com.ninjaalgo.utils.LoggerLoad1)-<=====Test For Get Startedis : PASSED
[INFO ]2023-11-0719:13:42.193[main]com.ninjaalgo.utils.LoggerLoad1)-<=====Test For Clicking signInis : PASSED
[INFO ]2023-11-0719:13:43.006[main]com.ninjaalgo.utils.LoggerLoad1)-<=====Test For Login Credentialsis : PASSED
[INFO ]2023-11-0719:13:46.739[main]com.ninjaalgo.utils.LoggerLoad1)-<=====Test For Get Data Structure moduleis : FAILED
[INFO ]2023-11-0719:17:56.878[main]com.ninjaalgo.utils.LoggerLoad1)-<=====Test For For chrome browseris : PASSED
[INFO ]2023-11-0719:17:57.834[main]com.ninjaalgo.utils.LoggerLoad1)-<=====Test For Get Startedis : PASSED
[INFO ]2023-11-0719:17:58.248[main]com.ninjaalgo.utils.LoggerLoad1)-<=====Test For Clicking signInis : PASSED
[INFO ]2023-11-0719:17:59.112[main]com.ninjaalgo.utils.LoggerLoad1)-<=====Test For Login Credentialsis : PASSED
[INFO ]2023-11-0719:18:02.841[main]com.ninjaalgo.utils.LoggerLoad1)-<=====Test For Get Data Structure moduleis : FAILED
[INFO ]2023-11-0719:22:47.480[main]com.ninjaalgo.utils.LoggerLoad1)-<=====Test For For chrome browseris : PASSED
[INFO ]2023-11-0719:22:48.387[main]com.ninjaalgo.utils.LoggerLoad1)-<=====Test For Get Startedis : PASSED
[INFO ]2023-11-0719:22:48.847[main]com.ninjaalgo.utils.LoggerLoad1)-<=====Test For Clicking signInis : PASSED
[INFO ]2023-11-0719:22:49.694[main]com.ninjaalgo.utils.LoggerLoad1)-<=====Test For Login Credentialsis : PASSED
[INFO ]2023-11-0719:22:53.424[main]com.ninjaalgo.utils.LoggerLoad1)-<=====Test For Get Data Structure moduleis : FAILED
[INFO ]2023-11-0719:24:23.172[main]com.ninjaalgo.utils.LoggerLoad1)-<=====Test For For chrome browseris : PASSED
[INFO ]2023-11-0719:24:24.133[main]com.ninjaalgo.utils.LoggerLoad1)-<=====Test For Get Startedis : PASSED
[INFO ]2023-11-0719:24:24.615[main]com.ninjaalgo.utils.LoggerLoad1)-<=====Test For Clicking signInis : PASSED
[INFO ]2023-11-0719:24:25.391[main]com.ninjaalgo.utils.LoggerLoad1)-<=====Test For Login Credentialsis : PASSED
[INFO ]2023-11-0719:24:26.004[main]com.ninjaalgo.utils.LoggerLoad1)-<=====Test For Get Data Structure moduleis : PASSED
[INFO ]2023-11-0719:25:05.904[main]com.ninjaalgo.utils.LoggerLoad1)-<=====Test For For chrome browseris : PASSED
[INFO ]2023-11-0719:25:10.874[main]com.ninjaalgo.utils.LoggerLoad1)-<=====Test For For firefox browseris : PASSED
[INFO ]2023-11-0719:25:19.607[main]com.ninjaalgo.utils.LoggerLoad1)-<=====Test For For edge browseris : PASSED
[INFO ]2023-11-0719:25:22.534[main]com.ninjaalgo.utils.LoggerLoad1)-<=====Test For Get Startedis : PASSED
[INFO ]2023-11-0719:25:24.108[main]com.ninjaalgo.utils.LoggerLoad1)-<=====Test For Clicking signInis : PASSED
[INFO ]2023-11-0719:25:26.860[main]com.ninjaalgo.utils.LoggerLoad1)-<=====Test For Login Credentialsis : PASSED
[INFO ]2023-11-0719:25:29.306[main]com.ninjaalgo.utils.LoggerLoad1)-<=====Test For Get Data Structure moduleis : PASSED
[INFO ]2023-11-0719:30:49.728[main]com.ninjaalgo.utils.LoggerLoad1)-<=====Test For For chrome browseris : PASSED
[INFO ]2023-11-0719:30:54.280[main]com.ninjaalgo.utils.LoggerLoad1)-<=====Test For For firefox browseris : PASSED
[INFO ]2023-11-0719:31:01.843[main]com.ninjaalgo.utils.LoggerLoad1)-<=====Test For For edge browseris : PASSED
[INFO ]2023-11-0719:31:04.740[main]com.ninjaalgo.utils.LoggerLoad1)-<=====Test For Get Startedis : PASSED
[INFO ]2023-11-0719:31:07.413[main]com.ninjaalgo.utils.LoggerLoad1)-<=====Test For Clicking signInis : PASSED
[INFO ]2023-11-0719:31:09.994[main]com.ninjaalgo.utils.LoggerLoad1)-<=====Test For Login Credentialsis : PASSED
[INFO ]2023-11-0719:31:12.217[main]com.ninjaalgo.utils.LoggerLoad1)-<=====Test For Get Data Structure moduleis : PASSED
[INFO ]2023-11-0719:32:53.298[main]com.ninjaalgo.utils.LoggerLoad1)-<=====Test For For chrome browseris : PASSED
[INFO ]2023-11-0719:32:57.495[main]com.ninjaalgo.utils.LoggerLoad1)-<=====Test For For firefox browseris : PASSED
[INFO ]2023-11-0719:33:05.121[main]com.ninjaalgo.utils.LoggerLoad1)-<=====Test For For edge browseris : PASSED
[INFO ]2023-11-0719:33:07.803[main]com.ninjaalgo.utils.LoggerLoad1)-<=====Test For Get Startedis : PASSED
[INFO ]2023-11-0719:33:10.050[main]com.ninjaalgo.utils.LoggerLoad1)-<=====Test For Clicking signInis : PASSED
[INFO ]2023-11-0719:33:12.436[main]com.ninjaalgo.utils.LoggerLoad1)-<=====Test For Login Credentialsis : PASSED
[INFO ]2023-11-0719:33:14.439[main]com.ninjaalgo.utils.LoggerLoad1)-<=====Test For Get Data Structure moduleis : PASSED
[INFO ]2023-11-0719:34:39.139[main]com.ninjaalgo.utils.LoggerLoad1)-<=====Test For For chrome browseris : PASSED
[INFO ]2023-11-0719:34:43.426[main]com.ninjaalgo.utils.LoggerLoad1)-<=====Test For For firefox browseris : PASSED
[INFO ]2023-11-0719:34:51.129[main]com.ninjaalgo.utils.LoggerLoad1)-<=====Test For For edge browseris : PASSED
[INFO ]2023-11-0719:34:54.089[main]com.ninjaalgo.utils.LoggerLoad1)-<=====Test For Get Startedis : PASSED
[INFO ]2023-11-0719:34:55.613[main]com.ninjaalgo.utils.LoggerLoad1)-<=====Test For Clicking signInis : PASSED
[INFO ]2023-11-0719:34:59.070[main]com.ninjaalgo.utils.LoggerLoad1)-<=====Test For Login Credentialsis : PASSED
[INFO ]2023-11-0719:35:02.931[main]com.ninjaalgo.utils.LoggerLoad1)-<=====Test For Get Data Structure moduleis : PASSED
[INFO ]2023-11-0719:37:37.700[main]com.ninjaalgo.utils.LoggerLoad1)-<=====Test For For chrome browser is : PASSED
[INFO ]2023-11-0719:37:41.851[main]com.ninjaalgo.utils.LoggerLoad1)-<=====Test For For firefox browser is : PASSED
[INFO ]2023-11-0719:37:49.472[main]com.ninjaalgo.utils.LoggerLoad1)-<=====Test For For edge browser is : PASSED
[INFO ]2023-11-0719:37:52.025[main]com.ninjaalgo.utils.LoggerLoad1)-<=====Test For Get Started is : PASSED
[INFO ]2023-11-0719:37:54.672[main]com.ninjaalgo.utils.LoggerLoad1)-<=====Test For Clicking signIn is : PASSED
[INFO ]2023-11-0719:37:57.531[main]com.ninjaalgo.utils.LoggerLoad1)-<=====Test For Login Credentials is : PASSED
[INFO ]2023-11-0719:38:01.663[main]com.ninjaalgo.utils.LoggerLoad1)-<=====Test For Get Data Structure module is : PASSED
[INFO ]2023-11-0720:14:37.873[main]com.ninjaalgo.utils.LoggerLoad1)-<=====Test For For chrome browser is : PASSED
[INFO ]2023-11-0720:14:42.186[main]com.ninjaalgo.utils.LoggerLoad1)-<=====Test For For firefox browser is : PASSED
[INFO ]2023-11-0720:14:48.707[main]com.ninjaalgo.utils.LoggerLoad1)-<=====Test For For edge browser is : PASSED
[INFO ]2023-11-0720:14:51.754[main]com.ninjaalgo.utils.LoggerLoad1)-<=====Test For Get Started is : PASSED
[INFO ]2023-11-0720:14:54.250[main]com.ninjaalgo.utils.LoggerLoad1)-<=====Test For Clicking signIn is : PASSED
[INFO ]2023-11-0720:14:57.113[main]com.ninjaalgo.utils.LoggerLoad1)-<=====Test For Login Credentials is : PASSED
[INFO ]2023-11-0720:15:01.764[main]com.ninjaalgo.utils.LoggerLoad1)-<=====Test For Get Data Structure module is : PASSED
[INFO ]2023-11-0720:15:49.553[main]com.ninjaalgo.utils.LoggerLoad1)-<=====Test For For chrome browser is : PASSED
[INFO ]2023-11-0720:15:56.443[main]com.ninjaalgo.utils.LoggerLoad1)-<=====Test For For firefox browser is : PASSED
[INFO ]2023-11-0720:16:04.039[main]com.ninjaalgo.utils.LoggerLoad1)-<=====Test For For edge browser is : PASSED
[INFO ]2023-11-0720:16:06.944[main]com.ninjaalgo.utils.LoggerLoad1)-<=====Test For Get Started is : PASSED
[INFO ]2023-11-0720:16:08.696[main]com.ninjaalgo.utils.LoggerLoad1)-<=====Test For Clicking signIn is : PASSED
[INFO ]2023-11-0720:16:11.695[main]com.ninjaalgo.utils.LoggerLoad1)-<=====Test For Login Credentials is : PASSED
[INFO ]2023-11-0720:16:16.194[main]com.ninjaalgo.utils.LoggerLoad1)-<=====Test For Get Data Structure module is : PASSED
[INFO ]2023-11-0723:06:36.053[main]com.ninjaalgo.utils.LoggerLoad1)-<=====Test For For chrome browser is : PASSED
[INFO ]2023-11-0723:06:42.322[main]com.ninjaalgo.utils.LoggerLoad1)-<=====Test For For firefox browser is : PASSED
[INFO ]2023-11-0723:06:51.174[main]com.ninjaalgo.utils.LoggerLoad1)-<=====Test For For edge browser is : PASSED
[INFO ]2023-11-0723:06:54.606[main]com.ninjaalgo.utils.LoggerLoad1)-<=====Test For Get Started is : PASSED
[INFO ]2023-11-0723:06:57.031[main]com.ninjaalgo.utils.LoggerLoad1)-<=====Test For Clicking signIn is : PASSED
[INFO ]2023-11-0723:06:59.536[main]com.ninjaalgo.utils.LoggerLoad1)-<=====Test For Login Credentials is : PASSED
[INFO ]2023-11-0723:07:03.762[main]com.ninjaalgo.utils.LoggerLoad1)-<=====Test For Get Data Structure module is : PASSED
[INFO ]2023-11-0723:08:28.651[main]com.ninjaalgo.utils.LoggerLoad1)-<=====Test For For chrome browser is : PASSED
[INFO ]2023-11-0723:08:32.719[main]com.ninjaalgo.utils.LoggerLoad1)-<=====Test For For firefox browser is : PASSED
[INFO ]2023-11-0723:08:39.049[main]com.ninjaalgo.utils.LoggerLoad1)-<=====Test For For edge browser is : PASSED
[INFO ]2023-11-0723:08:41.940[main]com.ninjaalgo.utils.LoggerLoad1)-<=====Test For Get Started is : PASSED
[INFO ]2023-11-0723:08:43.336[main]com.ninjaalgo.utils.LoggerLoad1)-<=====Test For Clicking signIn is : PASSED
[INFO ]2023-11-0723:08:46.058[main]com.ninjaalgo.utils.LoggerLoad1)-<=====Test For Login Credentials is : PASSED
[INFO ]2023-11-0723:08:50.567[main]com.ninjaalgo.utils.LoggerLoad1)-<=====Test For Get Data Structure module is : PASSED
[INFO ]2023-11-0807:14:24.477[main]com.ninjaalgo.utils.LoggerLoad1)-<=====Test For For chrome browser is : PASSED
[INFO ]2023-11-0807:14:30.656[main]com.ninjaalgo.utils.LoggerLoad1)-<=====Test For For firefox browser is : PASSED
[INFO ]2023-11-0807:14:37.493[main]com.ninjaalgo.utils.LoggerLoad1)-<=====Test For For edge browser is : PASSED
[INFO ]2023-11-0807:14:40.285[main]com.ninjaalgo.utils.LoggerLoad1)-<=====Test For Get Started is : PASSED
[INFO ]2023-11-0807:14:42.732[main]com.ninjaalgo.utils.LoggerLoad1)-<=====Test For Clicking signIn is : PASSED
[INFO ]2023-11-0807:14:45.592[main]com.ninjaalgo.utils.LoggerLoad1)-<=====Test For Login Credentials is : PASSED
[INFO ]2023-11-0807:14:49.753[main]com.ninjaalgo.utils.LoggerLoad1)-<=====Test For Get Data Structure module is : PASSED
[INFO ]2023-11-0807:18:50.465[main]com.ninjaalgo.utils.LoggerLoad1)-<=====Test For For chrome browser is : PASSED
[INFO ]2023-11-0807:18:51.501[main]com.ninjaalgo.utils.LoggerLoad1)-<=====Test For Get Started is : PASSED
[INFO ]2023-11-0807:18:52.223[main]com.ninjaalgo.utils.LoggerLoad1)-<=====Test For Clicking signIn is : PASSED
[INFO ]2023-11-0807:18:53.131[main]com.ninjaalgo.utils.LoggerLoad1)-<=====Test For Login Credentials is : PASSED
[INFO ]2023-11-0807:18:54.111[main]com.ninjaalgo.utils.LoggerLoad1)-<=====Test For Get Data Structure module is : PASSED
[INFO ]2023-11-0807:20:01.005[main]com.ninjaalgo.utils.LoggerLoad1)-<=====Test For For chrome browser is : PASSED
[INFO ]2023-11-0807:20:02.409[main]com.ninjaalgo.utils.LoggerLoad1)-<=====Test For Get Started is : PASSED
[INFO ]2023-11-0807:20:02.906[main]com.ninjaalgo.utils.LoggerLoad1)-<=====Test For Clicking signIn is : PASSED
[INFO ]2023-11-0807:20:04.215[main]com.ninjaalgo.utils.LoggerLoad1)-<=====Test For Login Credentials is : PASSED
[INFO ]2023-11-0807:20:05.583[main]com.ninjaalgo.utils.LoggerLoad1)-<=====Test For Get Data Structure module is : PASSED
[INFO ]2023-11-0807:38:49.893[main]com.ninjaalgo.utils.LoggerLoad1)-<=====Test For For chrome browser is : PASSED
[INFO ]2023-11-0807:38:50.890[main]com.ninjaalgo.utils.LoggerLoad1)-<=====Test For Get Started is : PASSED
[INFO ]2023-11-0807:38:51.269[main]com.ninjaalgo.utils.LoggerLoad1)-<=====Test For Clicking signIn is : PASSED
[INFO ]2023-11-0807:38:52.119[main]com.ninjaalgo.utils.LoggerLoad1)-<=====Test For Login Credentials is : PASSED
[INFO ]2023-11-0807:38:53.118[main]com.ninjaalgo.utils.LoggerLoad1)-<=====Test For Get Data Structure module is : PASSED
[INFO ]2023-11-0808:22:10.693[main]com.ninjaalgo.utils.LoggerLoad1)-<=====Test For For chrome browser is : PASSED
[INFO ]2023-11-0808:22:11.892[main]com.ninjaalgo.utils.LoggerLoad1)-<=====Test For Get Started is : PASSED
[INFO ]2023-11-0808:22:12.379[main]com.ninjaalgo.utils.LoggerLoad1)-<=====Test For Clicking signIn is : PASSED
[INFO ]2023-11-0808:22:13.396[main]com.ninjaalgo.utils.LoggerLoad1)-<=====Test For Login Credentials is : PASSED
[INFO ]2023-11-0808:22:17.556[main]com.ninjaalgo.utils.LoggerLoad1)-<=====Test For Login Credentials is : FAILED
[INFO ]2023-11-0808:22:19.085[main]com.ninjaalgo.utils.LoggerLoad1)-<=====Test For Get Data Structure module is : PASSED
[INFO ]2023-11-0808:28:57.112[main]com.ninjaalgo.utils.LoggerLoad1)-<=====Test For Clicking signIn is : PASSED
[INFO ]2023-11-0808:28:57.128[main]com.ninjaalgo.utils.LoggerLoad1)-<=====Test For Login Credentials is : PASSED
[INFO ]2023-11-0808:29:23.137[main]com.ninjaalgo.utils.LoggerLoad1)-<=====Test For Clicking signIn is : PASSED
[INFO ]2023-11-0808:29:23.153[main]com.ninjaalgo.utils.LoggerLoad1)-<=====Test For Login Credentials is : PASSED
[INFO ]2023-11-0808:33:26.576[main]com.ninjaalgo.utils.LoggerLoad1)-<=====Test For For chrome browser is : PASSED
[INFO ]2023-11-0808:33:27.510[main]com.ninjaalgo.utils.LoggerLoad1)-<=====Test For Get Started is : PASSED
[INFO ]2023-11-0808:33:28.062[main]com.ninjaalgo.utils.LoggerLoad1)-<=====Test For Clicking signIn is : PASSED
[INFO ]2023-11-0808:33:29.050[main]com.ninjaalgo.utils.LoggerLoad1)-<=====Test For Login Credentials is : PASSED
[INFO ]2023-11-0808:33:30.143[main]com.ninjaalgo.utils.LoggerLoad1)-<=====Test For Get Data Structure module is : PASSED
[INFO ]2023-11-0808:44:13.082[main]com.ninjaalgo.utils.LoggerLoad1)-<=====Test For For chrome browser is : PASSED
[INFO ]2023-11-0808:44:14.314[main]com.ninjaalgo.utils.LoggerLoad1)-<=====Test For Get Started is : PASSED
[INFO ]2023-11-0808:44:14.879[main]com.ninjaalgo.utils.LoggerLoad1)-<=====Test For Clicking signIn is : PASSED
[INFO ]2023-11-0808:44:15.854[main]com.ninjaalgo.utils.LoggerLoad1)-<=====Test For Login Credentials is : PASSED
[INFO ]2023-11-0808:44:16.965[main]com.ninjaalgo.utils.LoggerLoad1)-<=====Test For Get Data Structure module is : PASSED
[INFO ]2023-11-0808:46:13.669[main]com.ninjaalgo.utils.LoggerLoad1)-<=====Test For For chrome browser is : PASSED
[INFO ]2023-11-0808:46:14.726[main]com.ninjaalgo.utils.LoggerLoad1)-<=====Test For Get Started is : PASSED
[INFO ]2023-11-0808:46:15.299[main]com.ninjaalgo.utils.LoggerLoad1)-<=====Test For Clicking signIn is : PASSED
[INFO ]2023-11-0808:46:19.296[main]com.ninjaalgo.utils.LoggerLoad1)-<=====Test For Login Credentials is : FAILED
[INFO ]2023-11-0808:46:26.779[main]com.ninjaalgo.utils.LoggerLoad1)-<=====Test For Get Data Structure module is : FAILED
[INFO ]2023-11-0808:47:29.872[main]com.ninjaalgo.utils.LoggerLoad1)-<=====Test For For chrome browser is : PASSED
[INFO ]2023-11-0808:47:31.051[main]com.ninjaalgo.utils.LoggerLoad1)-<=====Test For Get Started is : PASSED
[INFO ]2023-11-0808:47:31.468[main]com.ninjaalgo.utils.LoggerLoad1)-<=====Test For Clicking signIn is : PASSED
[INFO ]2023-11-0808:47:35.565[main]com.ninjaalgo.utils.LoggerLoad1)-<=====Test For Login Credentials is : FAILED
[INFO ]2023-11-0808:47:43.145[main]com.ninjaalgo.utils.LoggerLoad1)-<=====Test For Get Data Structure module is : FAILED
[INFO ]2023-11-0808:48:57.738[main]com.ninjaalgo.utils.LoggerLoad1)-<=====Test For For chrome browser is : PASSED
[INFO ]2023-11-0808:48:58.816[main]com.ninjaalgo.utils.LoggerLoad1)-<=====Test For Get Started is : PASSED
[INFO ]2023-11-0808:48:59.349[main]com.ninjaalgo.utils.LoggerLoad1)-<=====Test For Clicking signIn is : PASSED
[INFO ]2023-11-0808:49:03.686[main]com.ninjaalgo.utils.LoggerLoad1)-<=====Test For Login Credentials is : FAILED
[INFO ]2023-11-0808:49:11.276[main]com.ninjaalgo.utils.LoggerLoad1)-<=====Test For Get Data Structure module is : FAILED
[INFO ]2023-11-0808:49:26.453[main]com.ninjaalgo.utils.LoggerLoad1)-<=====Test For For chrome browser is : PASSED
[INFO ]2023-11-0808:49:27.374[main]com.ninjaalgo.utils.LoggerLoad1)-<=====Test For Get Started is : PASSED
[INFO ]2023-11-0808:49:27.817[main]com.ninjaalgo.utils.LoggerLoad1)-<=====Test For Clicking signIn is : PASSED
[INFO ]2023-11-0808:49:28.822[main]com.ninjaalgo.utils.LoggerLoad1)-<=====Test For Login Credentials is : PASSED
[INFO ]2023-11-0808:49:41.055[main]com.ninjaalgo.utils.LoggerLoad1)-<=====Test For Login Credentials is : FAILED
[INFO ]2023-11-0808:49:42.273[main]com.ninjaalgo.utils.LoggerLoad1)-<=====Test For Get Data Structure module is : PASSED
[INFO ]2023-11-0808:50:39.684[main]com.ninjaalgo.utils.LoggerLoad1)-<=====Test For For chrome browser is : PASSED
[INFO ]2023-11-0808:50:41.008[main]com.ninjaalgo.utils.LoggerLoad1)-<=====Test For Get Started is : PASSED
[INFO ]2023-11-0808:50:41.615[main]com.ninjaalgo.utils.LoggerLoad1)-<=====Test For Clicking signIn is : PASSED
[INFO ]2023-11-0808:50:42.634[main]com.ninjaalgo.utils.LoggerLoad1)-<=====Test For Login Credentials is : PASSED
[INFO ]2023-11-0808:50:54.908[main]com.ninjaalgo.utils.LoggerLoad1)-<=====Test For Login Credentials is : FAILED
[INFO ]2023-11-0808:50:56.460[main]com.ninjaalgo.utils.LoggerLoad1)-<=====Test For Get Data Structure module is : PASSED
[INFO ]2023-11-0808:51:34.246[main]com.ninjaalgo.utils.LoggerLoad1)-<=====Test For For chrome browser is : PASSED
[INFO ]2023-11-0808:51:35.285[main]com.ninjaalgo.utils.LoggerLoad1)-<=====Test For Get Started is : PASSED
[INFO ]2023-11-0808:51:35.708[main]com.ninjaalgo.utils.LoggerLoad1)-<=====Test For Clicking signIn is : PASSED
[INFO ]2023-11-0808:51:36.765[main]com.ninjaalgo.utils.LoggerLoad1)-<=====Test For Login Credentials is : PASSED
[INFO ]2023-11-0808:51:49.021[main]com.ninjaalgo.utils.LoggerLoad1)-<=====Test For Login Credentials is : FAILED
[INFO ]2023-11-0808:51:50.347[main]com.ninjaalgo.utils.LoggerLoad1)-<=====Test For Get Data Structure module is : PASSED
[INFO ]2023-11-0808:52:41.029[main]com.ninjaalgo.utils.LoggerLoad1)-<=====Test For For chrome browser is : PASSED
[INFO ]2023-11-0808:52:42.006[main]com.ninjaalgo.utils.LoggerLoad1)-<=====Test For Get Started is : PASSED
[INFO ]2023-11-0808:52:42.550[main]com.ninjaalgo.utils.LoggerLoad1)-<=====Test For Clicking signIn is : PASSED
[INFO ]2023-11-0808:52:46.527[main]com.ninjaalgo.utils.LoggerLoad1)-<=====Test For Login Credentials is : FAILED
[INFO ]2023-11-0808:52:47.227[main]com.ninjaalgo.utils.LoggerLoad1)-<=====Test For Login Credentials is : PASSED
[INFO ]2023-11-0808:52:48.352[main]com.ninjaalgo.utils.LoggerLoad1)-<=====Test For Get Data Structure module is : PASSED
[INFO ]2023-11-0808:53:52.312[main]com.ninjaalgo.utils.LoggerLoad1)-<=====Test For For chrome browser is : PASSED
[INFO ]2023-11-0808:53:53.219[main]com.ninjaalgo.utils.LoggerLoad1)-<=====Test For Get Started is : PASSED
[INFO ]2023-11-0808:53:53.669[main]com.ninjaalgo.utils.LoggerLoad1)-<=====Test For Clicking signIn is : PASSED
[INFO ]2023-11-0808:53:57.645[main]com.ninjaalgo.utils.LoggerLoad1)-<=====Test For Login Credentials is : FAILED
[INFO ]2023-11-0808:53:58.694[main]com.ninjaalgo.utils.LoggerLoad1)-<=====Test For Login Credentials is : PASSED
[INFO ]2023-11-0808:53:59.882[main]com.ninjaalgo.utils.LoggerLoad1)-<=====Test For Get Data Structure module is : PASSED
[INFO ]2023-11-0808:54:43.754[main]com.ninjaalgo.utils.LoggerLoad1)-<=====Test For For chrome browser is : PASSED
[INFO ]2023-11-0808:54:44.630[main]com.ninjaalgo.utils.LoggerLoad1)-<=====Test For Get Started is : PASSED
[INFO ]2023-11-0808:54:45.122[main]com.ninjaalgo.utils.LoggerLoad1)-<=====Test For Clicking signIn is : PASSED
[INFO ]2023-11-0808:54:45.897[main]com.ninjaalgo.utils.LoggerLoad1)-<=====Test For Login Credentials is : PASSED
[INFO ]2023-11-0808:54:46.517[main]com.ninjaalgo.utils.LoggerLoad1)-<=====Test For Login Credentials is : PASSED
[INFO ]2023-11-0808:54:47.670[main]com.ninjaalgo.utils.LoggerLoad1)-<=====Test For Get Data Structure module is : PASSED
[INFO ]2023-11-0808:58:23.173[main]com.ninjaalgo.utils.LoggerLoad1)-<=====Test For For chrome browser is : PASSED
[INFO ]2023-11-0808:58:24.219[main]com.ninjaalgo.utils.LoggerLoad1)-<=====Test For Get Started is : PASSED
[INFO ]2023-11-0808:58:24.824[main]com.ninjaalgo.utils.LoggerLoad1)-<=====Test For Clicking signIn is : PASSED
[INFO ]2023-11-0808:58:25.811[main]com.ninjaalgo.utils.LoggerLoad1)-<=====Test For Login Credentials is : PASSED
[INFO ]2023-11-0808:58:33.976[main]com.ninjaalgo.utils.LoggerLoad1)-<=====Test For Login Credentials is : FAILED
[INFO ]2023-11-0808:58:35.385[main]com.ninjaalgo.utils.LoggerLoad1)-<=====Test For Get Data Structure module is : PASSED
[INFO ]2023-11-0808:59:19.123[main]com.ninjaalgo.utils.LoggerLoad1)-<=====Test For For chrome browser is : PASSED
[INFO ]2023-11-0808:59:20.141[main]com.ninjaalgo.utils.LoggerLoad1)-<=====Test For Get Started is : PASSED
[INFO ]2023-11-0808:59:20.697[main]com.ninjaalgo.utils.LoggerLoad1)-<=====Test For Clicking signIn is : PASSED
[INFO ]2023-11-0808:59:21.557[main]com.ninjaalgo.utils.LoggerLoad1)-<=====Test For Login Credentials is : PASSED
[INFO ]2023-11-0808:59:22.165[main]com.ninjaalgo.utils.LoggerLoad1)-<=====Test For Login Credentials is : PASSED
[INFO ]2023-11-0808:59:23.152[main]com.ninjaalgo.utils.LoggerLoad1)-<=====Test For Get Data Structure module is : PASSED
[INFO ]2023-11-0809:05:02.435[main]com.ninjaalgo.utils.LoggerLoad1)-<=====Test For For chrome browser is : PASSED
[INFO ]2023-11-0809:05:03.372[main]com.ninjaalgo.utils.LoggerLoad1)-<=====Test For Get Started is : PASSED
[INFO ]2023-11-0809:05:03.823[main]com.ninjaalgo.utils.LoggerLoad1)-<=====Test For Clicking signIn is : PASSED
[INFO ]2023-11-0809:05:04.616[main]com.ninjaalgo.utils.LoggerLoad1)-<=====Test For Login Credentials is : PASSED
[INFO ]2023-11-0809:05:05.292[main]com.ninjaalgo.utils.LoggerLoad1)-<=====Test For Login Credentials is : PASSED
[INFO ]2023-11-0809:05:06.342[main]com.ninjaalgo.utils.LoggerLoad1)-<=====Test For Get Data Structure module is : PASSED
